--- Startup times for process: Primary (or UI client) ---

times in msec
 clock   self+sourced   self:  sourced script
 clock   elapsed:              other lines

000.004  000.004: --- NVIM STARTING ---
000.457  000.453: event init
000.681  000.224: early init
000.792  000.111: locale set
000.906  000.114: init first window
001.956  001.050: inits 1
001.986  000.030: window checked
002.095  000.108: parsing arguments
003.590  000.117  000.117: require('vim.shared')
003.870  000.110  000.110: require('vim.inspect')
003.992  000.099  000.099: require('vim._options')
004.016  000.416  000.207: require('vim._editor')
004.095  000.076  000.076: require('vim._system')
004.098  000.683  000.074: require('vim._init_packages')
004.104  001.326: init lua interpreter
006.781  002.677: nvim_ui_attach
007.983  001.202: nvim_set_client_info
008.023  000.040: --- NVIM STARTED ---

--- Startup times for process: Embedded ---

times in msec
 clock   self+sourced   self:  sourced script
 clock   elapsed:              other lines

000.006  000.006: --- NVIM STARTING ---
000.561  000.555: event init
000.708  000.146: early init
000.819  000.112: locale set
000.894  000.075: init first window
001.456  000.562: inits 1
001.520  000.065: window checked
001.600  000.080: parsing arguments
002.228  000.062  000.062: require('vim.shared')
002.371  000.040  000.040: require('vim.inspect')
002.411  000.031  000.031: require('vim._options')
002.416  000.185  000.113: require('vim._editor')
002.456  000.039  000.039: require('vim._system')
002.458  000.313  000.028: require('vim._init_packages')
002.462  000.549: init lua interpreter
002.553  000.090: expanding arguments
002.575  000.023: inits 2
002.824  000.249: init highlight
002.825  000.001: waiting for UI
002.965  000.140: done waiting for UI
002.973  000.009: clear screen
003.115  000.013  000.013: require('vim.keymap')
003.886  000.130  000.130: sourcing nvim_exec2()
004.051  001.074  000.930: require('vim._defaults')
004.053  000.006: init default mappings & autocommands
004.459  000.048  000.048: sourcing /usr/local/share/nvim/runtime/ftplugin.vim
004.514  000.022  000.022: sourcing /usr/local/share/nvim/runtime/indent.vim
004.755  000.089  000.089: require('vim.fs')
004.933  000.168  000.168: require('vim.uri')
004.951  000.357  000.100: require('vim.loader')
005.505  000.529  000.529: require('core.settings')
006.417  000.751  000.751: require('lazy')
006.474  000.024  000.024: require('ffi')
006.564  000.083  000.083: require('lazy.stats')
006.898  000.307  000.307: require('lazy.core.util')
006.927  000.013  000.013: require('vim.F')
007.174  000.242  000.242: require('lazy.core.config')
007.435  000.087  000.087: require('lazy.core.handler')
007.794  000.094  000.094: require('lazy.pkg')
007.806  000.242  000.148: require('lazy.core.meta')
007.815  000.373  000.131: require('lazy.core.plugin')
007.826  000.644  000.184: require('lazy.core.loader')
008.347  000.191  000.191: require('lazy.core.fragments')
010.772  000.060  000.060: require('lazy.core.handler.keys')
010.872  000.057  000.057: require('lazy.core.handler.event')
010.876  000.096  000.039: require('lazy.core.handler.ft')
010.935  000.056  000.056: require('lazy.core.handler.cmd')
010.999  000.009  000.009: sourcing nvim_exec2() called at /home/arpangreat/dotfiles/nvim/init.lua:0
011.015  000.001  000.001: sourcing nvim_exec2() called at /home/arpangreat/dotfiles/nvim/init.lua:0
011.123  000.002  000.002: sourcing nvim_exec2() called at /home/arpangreat/dotfiles/nvim/init.lua:0
011.136  000.001  000.001: sourcing nvim_exec2() called at /home/arpangreat/dotfiles/nvim/init.lua:0
011.907  000.004  000.004: sourcing nvim_exec2() called at /home/arpangreat/dotfiles/nvim/init.lua:0
011.929  000.001  000.001: sourcing nvim_exec2() called at /home/arpangreat/dotfiles/nvim/init.lua:0
012.364  000.019  000.019: sourcing /home/arpangreat/.config/nvim/ftdetect/ghostty.vim
012.470  000.049  000.049: sourcing /home/arpangreat/.config/nvim/after/ftdetect/reason.lua
012.484  000.265  000.197: sourcing nvim_exec2() called at /usr/local/share/nvim/runtime/filetype.lua:0
012.486  000.326  000.062: sourcing /usr/local/share/nvim/runtime/filetype.lua
012.488  000.357  000.030: sourcing nvim_exec2() called at /home/arpangreat/dotfiles/nvim/init.lua:0
012.619  000.003  000.003: sourcing nvim_exec2() called at /home/arpangreat/dotfiles/nvim/init.lua:0
012.635  000.001  000.001: sourcing nvim_exec2() called at /home/arpangreat/dotfiles/nvim/init.lua:0
012.930  000.063  000.063: require('tokyonight.config')
012.935  000.287  000.224: require('tokyonight')
013.537  000.328  000.328: require('snacks')
013.543  000.377  000.049: sourcing /home/arpangreat/.local/share/nvim/lazy/snacks.nvim/plugin/snacks.lua
013.547  000.402  000.025: sourcing nvim_exec2() called at /home/arpangreat/dotfiles/nvim/init.lua:0
013.556  000.004  000.004: sourcing nvim_exec2() called at /home/arpangreat/dotfiles/nvim/init.lua:0
013.568  000.001  000.001: sourcing nvim_exec2() called at /home/arpangreat/dotfiles/nvim/init.lua:0
013.771  000.047  000.047: sourcing /home/arpangreat/.local/share/nvim/lazy/conform.nvim/plugin/conform.lua
013.776  000.072  000.025: sourcing nvim_exec2() called at /home/arpangreat/dotfiles/nvim/init.lua:0
013.781  000.002  000.002: sourcing nvim_exec2() called at /home/arpangreat/dotfiles/nvim/init.lua:0
013.796  000.001  000.001: sourcing nvim_exec2() called at /home/arpangreat/dotfiles/nvim/init.lua:0
014.468  000.668  000.668: require('conform')
015.227  000.044  000.044: sourcing /home/arpangreat/.local/share/nvim/lazy/nvim-web-devicons/plugin/nvim-web-devicons.vim
015.236  000.101  000.056: sourcing nvim_exec2() called at /home/arpangreat/dotfiles/nvim/init.lua:0
015.246  000.003  000.003: sourcing nvim_exec2() called at /home/arpangreat/dotfiles/nvim/init.lua:0
015.288  000.001  000.001: sourcing nvim_exec2() called at /home/arpangreat/dotfiles/nvim/init.lua:0
016.809  000.650  000.650: sourcing /usr/local/share/nvim/runtime/plugin/editorconfig.lua
016.829  000.888  000.238: sourcing nvim_exec2() called at /home/arpangreat/dotfiles/nvim/init.lua:0
017.179  000.255  000.255: sourcing /usr/local/share/nvim/runtime/plugin/man.lua
017.187  000.332  000.077: sourcing nvim_exec2() called at /home/arpangreat/dotfiles/nvim/init.lua:0
017.814  000.169  000.169: sourcing /usr/local/share/nvim/runtime/pack/dist/opt/matchit/plugin/matchit.vim
017.863  000.619  000.450: sourcing /usr/local/share/nvim/runtime/plugin/matchit.vim
017.865  000.654  000.035: sourcing nvim_exec2() called at /home/arpangreat/dotfiles/nvim/init.lua:0
018.060  000.109  000.109: sourcing /usr/local/share/nvim/runtime/plugin/matchparen.vim
018.064  000.146  000.036: sourcing nvim_exec2() called at /home/arpangreat/dotfiles/nvim/init.lua:0
018.443  000.295  000.295: sourcing /usr/local/share/nvim/runtime/plugin/nvim/net.lua
018.450  000.336  000.041: sourcing nvim_exec2() called at /home/arpangreat/dotfiles/nvim/init.lua:0
018.631  000.149  000.149: sourcing /usr/local/share/nvim/runtime/plugin/nvim/spellfile.lua
018.634  000.177  000.028: sourcing nvim_exec2() called at /home/arpangreat/dotfiles/nvim/init.lua:0
018.896  000.225  000.225: sourcing /usr/local/share/nvim/runtime/plugin/osc52.lua
018.900  000.249  000.023: sourcing nvim_exec2() called at /home/arpangreat/dotfiles/nvim/init.lua:0
019.124  000.157  000.157: sourcing /usr/local/share/nvim/runtime/plugin/rplugin.vim
019.127  000.186  000.029: sourcing nvim_exec2() called at /home/arpangreat/dotfiles/nvim/init.lua:0
019.555  000.381  000.381: sourcing /usr/local/share/nvim/runtime/plugin/shada.lua
019.564  000.406  000.025: sourcing nvim_exec2() called at /home/arpangreat/dotfiles/nvim/init.lua:0
019.651  000.015  000.015: sourcing /usr/local/share/nvim/runtime/plugin/shada.vim
019.655  000.068  000.052: sourcing nvim_exec2() called at /home/arpangreat/dotfiles/nvim/init.lua:0
019.736  000.012  000.012: sourcing /usr/local/share/nvim/runtime/plugin/spellfile.vim
019.741  000.040  000.029: sourcing nvim_exec2() called at /home/arpangreat/dotfiles/nvim/init.lua:0
020.196  000.053  000.053: sourcing /usr/local/share/nvim/runtime/pack/dist/opt/nvim.undotree/plugin/undotree.lua
020.215  000.254  000.201: sourcing nvim_exec2() called at /home/arpangreat/dotfiles/nvim/init.lua:0
020.222  014.712  006.591: require('core.lazy')
021.109  000.085  000.085: require('tokyonight.theme')
021.451  000.105  000.105: require('tokyonight.util')
021.457  000.252  000.147: require('tokyonight.colors')
021.621  000.070  000.070: require('tokyonight.hsluv')
021.977  000.108  000.108: require('tokyonight.groups')
023.226  002.296  001.781: sourcing /home/arpangreat/.local/share/nvim/lazy/tokyonight.nvim/colors/tokyonight.lua
023.251  003.025  000.729: require('core.theme')
023.510  000.045  000.045: sourcing nvim_exec2() called at /home/arpangreat/dotfiles/nvim/init.lua:0
023.520  000.003  000.003: sourcing nvim_exec2() called at /home/arpangreat/dotfiles/nvim/init.lua:0
023.524  000.002  000.002: sourcing nvim_exec2() called at /home/arpangreat/dotfiles/nvim/init.lua:0
023.599  000.006  000.006: sourcing nvim_exec2() called at /home/arpangreat/dotfiles/nvim/init.lua:0
023.605  000.004  000.004: sourcing nvim_exec2() called at /home/arpangreat/dotfiles/nvim/init.lua:0
023.609  000.002  000.002: sourcing nvim_exec2() called at /home/arpangreat/dotfiles/nvim/init.lua:0
023.612  000.002  000.002: sourcing nvim_exec2() called at /home/arpangreat/dotfiles/nvim/init.lua:0
023.615  000.002  000.002: sourcing nvim_exec2() called at /home/arpangreat/dotfiles/nvim/init.lua:0
023.618  000.317  000.251: require('user.autocommands')
023.626  019.059  000.121: sourcing /home/arpangreat/.config/nvim/init.lua
023.645  000.463: sourcing vimrc file(s)
023.899  000.087  000.087: sourcing /usr/local/share/nvim/runtime/filetype.lua
024.154  000.079  000.079: sourcing /usr/local/share/nvim/runtime/syntax/synload.vim
024.232  000.240  000.161: sourcing /usr/local/share/nvim/runtime/syntax/syntax.vim
024.244  000.272: inits 3
026.663  002.418: reading ShaDa
027.273  000.037  000.037: sourcing /home/arpangreat/.local/share/nvim/lazy/plenary.nvim/plugin/plenary.vim
027.278  000.075  000.038: sourcing nvim_exec2() called at BufReadPre Autocommands for "*":0
027.286  000.002  000.002: sourcing nvim_exec2() called at BufReadPre Autocommands for "*":0
027.297  000.001  000.001: sourcing nvim_exec2() called at BufReadPre Autocommands for "*":0
028.018  000.360  000.360: require('gitsigns')
028.495  000.421  000.421: require('gitsigns.highlight')
028.628  000.121  000.121: require('gitsigns.debug.log')
028.907  000.275  000.275: require('gitsigns.config')
029.661  000.178  000.178: require('gitsigns.async')
030.118  000.275  000.275: require('gitsigns.util')
030.127  000.460  000.185: require('gitsigns.hunks')
030.549  000.166  000.166: require('gitsigns.diff')
030.731  000.176  000.176: require('gitsigns.signs')
030.933  000.198  000.198: require('gitsigns.status')
031.131  000.193  000.193: require('gitsigns.debounce')
031.818  000.673  000.673: require('gitsigns.cache')
031.884  001.751  000.345: require('gitsigns.manager')
032.140  000.245  000.245: require('gitsigns.message')
032.424  000.270  000.270: require('gitsigns.repeat')
032.566  003.362  000.458: require('gitsigns.actions')
035.438  000.277  000.277: require('gitsigns.system')
035.454  000.607  000.330: require('gitsigns.git.cmd')
035.747  000.288  000.288: require('gitsigns.git.errors')
036.089  000.334  000.334: require('gitsigns.git.version')
036.128  001.723  000.494: require('gitsigns.git.repo')
036.142  002.326  000.604: require('gitsigns.git')
036.173  003.503  001.176: require('gitsigns.attach')
036.911  000.679  000.679: require('gitsigns.current_line_blame')
039.254  011.908  003.188: sourcing /home/arpangreat/.local/share/nvim/lazy/gitsigns.nvim/plugin/gitsigns.lua
039.293  011.966  000.058: sourcing nvim_exec2() called at BufReadPre Autocommands for "*":0
039.330  000.011  000.011: sourcing nvim_exec2() called at BufReadPre Autocommands for "*":0
039.383  000.003  000.003: sourcing nvim_exec2() called at BufReadPre Autocommands for "*":0
040.280  000.578  000.578: require('snacks.bigfile')
042.296  001.956  001.956: require('vim.filetype')
045.065  000.043  000.043: require('vim.treesitter.language')
045.106  000.033  000.033: require('vim.func')
045.155  000.046  000.046: require('vim.treesitter._range')
045.580  000.420  000.420: require('vim.func._memoize')
045.625  000.675  000.134: require('vim.treesitter.query')
045.642  000.781  000.105: require('vim.treesitter.languagetree')
045.651  000.868  000.088: require('vim.treesitter')
045.841  001.325  000.456: sourcing /home/arpangreat/.local/share/nvim/lazy/nvim-treesitter/plugin/filetypes.lua
045.849  001.365  000.040: sourcing nvim_exec2() called at BufReadPost Autocommands for "*":0
046.082  000.181  000.181: sourcing /home/arpangreat/.local/share/nvim/lazy/nvim-treesitter/plugin/nvim-treesitter.lua
046.086  000.226  000.046: sourcing nvim_exec2() called at BufReadPost Autocommands for "*":0
046.269  000.140  000.140: sourcing /home/arpangreat/.local/share/nvim/lazy/nvim-treesitter/plugin/query_predicates.lua
046.273  000.171  000.031: sourcing nvim_exec2() called at BufReadPost Autocommands for "*":0
046.281  000.003  000.003: sourcing nvim_exec2() called at BufReadPost Autocommands for "*":0
046.294  000.001  000.001: sourcing nvim_exec2() called at BufReadPost Autocommands for "*":0
048.579  001.243  001.243: require('vim.lsp.protocol')
048.749  001.613  000.370: require('vim.lsp.log')
049.231  000.466  000.466: require('vim.lsp.util')
049.760  000.248  000.248: require('vim.lsp.sync')
049.843  000.599  000.351: require('vim.lsp._changetracking')
050.872  000.322  000.322: require('vim.lsp._transport')
051.027  000.009  000.009: require('string.buffer')
051.035  000.139  000.130: require('vim._stringbuffer')
051.135  001.259  000.799: require('vim.lsp.rpc')
051.335  004.382  000.444: require('vim.lsp')
052.761  001.405  001.405: require('lspconfig.util')
052.797  006.132  000.345: sourcing /home/arpangreat/.local/share/nvim/lazy/nvim-lspconfig/plugin/lspconfig.lua
052.805  006.169  000.037: sourcing nvim_exec2() called at BufReadPost Autocommands for "*":0
052.822  000.007  000.007: sourcing nvim_exec2() called at BufReadPost Autocommands for "*":0
052.840  000.001  000.001: sourcing nvim_exec2() called at BufReadPost Autocommands for "*":0
054.578  001.725  001.725: require('vim.diagnostic')
055.789  000.009  000.009: sourcing nvim_exec2() called at BufReadPost Autocommands for "*":0
055.801  000.001  000.001: sourcing nvim_exec2() called at BufReadPost Autocommands for "*":0
056.332  000.396  000.396: require('blink.cmp')
056.529  000.068  000.068: require('blink.cmp.lib.async')
056.686  000.055  000.055: require('blink.cmp.config.utils')
056.747  000.055  000.055: require('blink.cmp.config.keymap')
056.922  000.088  000.088: require('blink.cmp.config.completion.keyword')
057.054  000.124  000.124: require('blink.cmp.config.completion.trigger')
057.172  000.112  000.112: require('blink.cmp.config.completion.list')
057.505  000.326  000.326: require('blink.cmp.config.completion.accept')
057.588  000.075  000.075: require('blink.cmp.config.completion.menu')
057.638  000.047  000.047: require('blink.cmp.config.completion.documentation')
057.679  000.038  000.038: require('blink.cmp.config.completion.ghost_text')
057.683  000.930  000.119: require('blink.cmp.config.completion')
057.790  000.102  000.102: require('blink.cmp.config.fuzzy')
057.850  000.055  000.055: require('blink.cmp.config.sources')
057.909  000.055  000.055: require('blink.cmp.config.signature')
057.957  000.045  000.045: require('blink.cmp.config.snippets')
058.008  000.048  000.048: require('blink.cmp.config.appearance')
058.054  000.043  000.043: require('blink.cmp.config.modes.cmdline')
058.091  000.033  000.033: require('blink.cmp.config.modes.term')
058.095  001.555  000.134: require('blink.cmp.config')
058.156  000.057  000.057: require('blink.cmp.lib.utils')
058.221  000.062  000.062: require('blink.cmp.lib.event_emitter')
058.232  001.893  000.151: require('blink.cmp.sources.lib')
058.297  002.436  000.147: sourcing /home/arpangreat/.local/share/nvim/lazy/blink.cmp/plugin/blink-cmp.lua
058.308  002.477  000.041: sourcing nvim_exec2() called at BufReadPost Autocommands for "*":0
058.354  000.032  000.032: sourcing nvim_exec2() called at BufReadPost Autocommands for "*":0
058.400  000.030  000.030: sourcing nvim_exec2() called at BufReadPost Autocommands for "*":0
058.486  000.058  000.058: require('blink-cmp')
059.552  000.057  000.057: require('blink.cmp.config.modes.types')
060.002  000.037  000.037: require('blink.cmp.fuzzy.download.system')
060.075  000.153  000.116: require('blink.cmp.fuzzy.download.files')
060.079  000.196  000.043: require('blink.cmp.fuzzy.download.git')
060.082  000.304  000.109: require('blink.cmp.fuzzy.download')
065.041  009.931  006.963: require('blink.cmp')
065.677  011.075  001.144: require('plugins.lsp.config')
068.877  000.019  000.019: sourcing nvim_exec2() called at BufReadPost Autocommands for "*":0
068.894  000.001  000.001: sourcing nvim_exec2() called at BufReadPost Autocommands for "*":0
069.249  001.009  000.988: require('schemastore')
075.355  006.068  006.068: require('schemastore.catalog')
075.498  008.622  001.545: require('plugins.lsp.handlers')
077.196  000.293  000.293: sourcing /usr/local/share/nvim/runtime/ftplugin/lua.vim
082.603  000.594  000.594: require('vim.treesitter.highlighter')
085.702  008.485  007.891: sourcing /usr/local/share/nvim/runtime/ftplugin/lua.lua
086.795  000.324  000.324: sourcing /usr/local/share/nvim/runtime/indent/lua.vim
087.796  000.741  000.741: require('lazydev')
087.995  000.192  000.192: require('lazydev.config')
088.206  000.193  000.193: require('lazydev.util')
090.589  001.445  001.445: sourcing /usr/local/share/nvim/runtime/syntax/lua.vim
091.345  000.104  000.104: sourcing /usr/local/share/nvim/runtime/ftplugin/lua.vim
091.631  000.243  000.243: sourcing /usr/local/share/nvim/runtime/ftplugin/lua.lua
092.187  000.061  000.061: sourcing /usr/local/share/nvim/runtime/indent/lua.vim
094.694  001.934  001.934: require('vim.lsp.client')
115.956  000.594  000.594: require('vim.lsp._capability')
116.039  001.874  001.281: require('vim.lsp.semantic_tokens')
116.905  000.857  000.857: require('vim.lsp._folding_range')
119.816  001.447  001.447: require('vim.lsp._snippet_grammar')
119.897  002.917  001.470: require('vim.lsp.inline_completion')
120.465  000.534  000.534: require('vim.version')
139.702  000.682  000.682: require('snacks.util')
140.108  001.764  001.082: require('snacks.indent')
141.238  001.017  001.017: require('snacks.scope')
146.716  000.836  000.836: require('snacks.animate')
147.504  000.648  000.648: require('snacks.animate.easing')
148.103  000.398  000.398: require('editorconfig')
154.664  059.185: opening buffers
155.072  000.408: BufEnter autocommands
155.089  000.017: editing files in windows
155.117  000.028: --- NVIM STARTED ---

--- Startup times for process: Primary (or UI client) ---

times in msec
 clock   self+sourced   self:  sourced script
 clock   elapsed:              other lines

000.009  000.009: --- NVIM STARTING ---
002.960  002.950: event init
005.646  002.687: early init
005.711  000.065: locale set
007.267  001.556: init first window
014.332  007.065: inits 1
014.563  000.231: window checked
014.746  000.183: parsing arguments
019.299  000.590  000.590: require('vim.shared')
019.917  000.158  000.158: require('vim.inspect')
020.056  000.086  000.086: require('vim._options')
020.077  000.708  000.464: require('vim._editor')
020.692  000.610  000.610: require('vim._system')
020.714  002.176  000.268: require('vim._init_packages')
020.731  003.809: init lua interpreter
023.738  003.007: nvim_ui_attach
023.983  000.246: nvim_set_client_info
023.991  000.007: --- NVIM STARTED ---

--- Startup times for process: Embedded ---

times in msec
 clock   self+sourced   self:  sourced script
 clock   elapsed:              other lines

000.003  000.003: --- NVIM STARTING ---
000.241  000.237: event init
000.375  000.134: early init
000.420  000.045: locale set
000.462  000.042: init first window
000.852  000.390: inits 1
000.900  000.048: window checked
000.988  000.088: parsing arguments
001.721  000.058  000.058: require('vim.shared')
001.873  000.061  000.061: require('vim.inspect')
001.935  000.052  000.052: require('vim._options')
001.943  000.215  000.103: require('vim._editor')
002.003  000.058  000.058: require('vim._system')
002.005  000.376  000.045: require('vim._init_packages')
002.013  000.649: init lua interpreter
002.138  000.125: expanding arguments
002.185  000.047: inits 2
002.739  000.554: init highlight
002.747  000.008: waiting for UI
003.513  000.767: done waiting for UI
003.531  000.018: clear screen
003.973  000.035  000.035: require('vim.keymap')
005.617  000.102  000.102: sourcing nvim_exec2()
006.639  003.101  002.964: require('vim._defaults')
006.644  000.012: init default mappings & autocommands
009.780  000.702  000.702: sourcing /usr/local/share/nvim/runtime/ftplugin.vim
009.978  000.109  000.109: sourcing /usr/local/share/nvim/runtime/indent.vim
011.498  000.444  000.444: require('vim.fs')
013.461  001.903  001.903: require('vim.uri')
013.576  002.828  000.480: require('vim.loader')
016.736  002.211  002.211: require('core.settings')
020.232  001.961  001.961: require('lazy')
020.281  000.023  000.023: require('ffi')
020.685  000.398  000.398: require('lazy.stats')
021.360  000.653  000.653: require('lazy.core.util')
021.383  000.008  000.008: require('vim.F')
021.837  000.449  000.449: require('lazy.core.config')
022.713  000.436  000.436: require('lazy.core.handler')
024.200  000.488  000.488: require('lazy.pkg')
024.218  000.970  000.483: require('lazy.core.meta')
024.231  001.506  000.535: require('lazy.core.plugin')
024.245  002.398  000.456: require('lazy.core.loader')
025.196  000.449  000.449: require('lazy.core.fragments')
041.185  000.203  000.203: require('lazy.core.handler.cmd')
041.490  000.288  000.288: require('lazy.core.handler.keys')
041.946  000.178  000.178: require('lazy.core.handler.event')
041.960  000.462  000.284: require('lazy.core.handler.ft')
042.392  000.043  000.043: sourcing nvim_exec2() called at /home/arpangreat/dotfiles/nvim/init.lua:0
042.929  000.035  000.035: sourcing nvim_exec2() called at /home/arpangreat/dotfiles/nvim/init.lua:0
043.215  000.018  000.018: sourcing nvim_exec2() called at /home/arpangreat/dotfiles/nvim/init.lua:0
044.264  000.051  000.051: sourcing nvim_exec2() called at /home/arpangreat/dotfiles/nvim/init.lua:0
045.707  000.026  000.026: sourcing nvim_exec2() called at /home/arpangreat/dotfiles/nvim/init.lua:0
046.232  000.015  000.015: sourcing nvim_exec2() called at /home/arpangreat/dotfiles/nvim/init.lua:0
049.926  000.249  000.249: sourcing /home/arpangreat/.config/nvim/ftdetect/ghostty.vim
050.431  000.379  000.379: sourcing /home/arpangreat/.config/nvim/after/ftdetect/reason.lua
050.721  001.768  001.140: sourcing nvim_exec2() called at /usr/local/share/nvim/runtime/filetype.lua:0
050.742  002.632  000.865: sourcing /usr/local/share/nvim/runtime/filetype.lua
050.751  002.702  000.070: sourcing nvim_exec2() called at /home/arpangreat/dotfiles/nvim/init.lua:0
051.595  000.010  000.010: sourcing nvim_exec2() called at /home/arpangreat/dotfiles/nvim/init.lua:0
051.617  000.002  000.002: sourcing nvim_exec2() called at /home/arpangreat/dotfiles/nvim/init.lua:0
053.864  000.205  000.205: require('tokyonight.config')
053.874  002.242  002.037: require('tokyonight')
056.543  001.566  001.566: require('snacks')
056.553  001.695  000.128: sourcing /home/arpangreat/.local/share/nvim/lazy/snacks.nvim/plugin/snacks.lua
056.560  001.748  000.053: sourcing nvim_exec2() called at /home/arpangreat/dotfiles/nvim/init.lua:0
056.577  000.006  000.006: sourcing nvim_exec2() called at /home/arpangreat/dotfiles/nvim/init.lua:0
056.598  000.002  000.002: sourcing nvim_exec2() called at /home/arpangreat/dotfiles/nvim/init.lua:0
058.336  000.707  000.707: sourcing /home/arpangreat/.local/share/nvim/lazy/conform.nvim/plugin/conform.lua
058.347  000.756  000.048: sourcing nvim_exec2() called at /home/arpangreat/dotfiles/nvim/init.lua:0
058.379  000.007  000.007: sourcing nvim_exec2() called at /home/arpangreat/dotfiles/nvim/init.lua:0
058.409  000.002  000.002: sourcing nvim_exec2() called at /home/arpangreat/dotfiles/nvim/init.lua:0
060.684  002.255  002.255: require('conform')
062.715  000.199  000.199: sourcing /home/arpangreat/.local/share/nvim/lazy/nvim-web-devicons/plugin/nvim-web-devicons.vim
062.731  000.360  000.161: sourcing nvim_exec2() called at /home/arpangreat/dotfiles/nvim/init.lua:0
062.780  000.004  000.004: sourcing nvim_exec2() called at /home/arpangreat/dotfiles/nvim/init.lua:0
062.827  000.002  000.002: sourcing nvim_exec2() called at /home/arpangreat/dotfiles/nvim/init.lua:0
065.102  000.313  000.313: sourcing /usr/local/share/nvim/runtime/plugin/editorconfig.lua
065.118  000.699  000.386: sourcing nvim_exec2() called at /home/arpangreat/dotfiles/nvim/init.lua:0
065.628  000.341  000.341: sourcing /usr/local/share/nvim/runtime/plugin/man.lua
065.641  000.411  000.071: sourcing nvim_exec2() called at /home/arpangreat/dotfiles/nvim/init.lua:0
067.557  000.675  000.675: sourcing /usr/local/share/nvim/runtime/pack/dist/opt/matchit/plugin/matchit.vim
067.617  001.858  001.183: sourcing /usr/local/share/nvim/runtime/plugin/matchit.vim
067.622  001.907  000.049: sourcing nvim_exec2() called at /home/arpangreat/dotfiles/nvim/init.lua:0
068.163  000.425  000.425: sourcing /usr/local/share/nvim/runtime/plugin/matchparen.vim
068.170  000.481  000.056: sourcing nvim_exec2() called at /home/arpangreat/dotfiles/nvim/init.lua:0
068.828  000.492  000.492: sourcing /usr/local/share/nvim/runtime/plugin/nvim/net.lua
068.835  000.565  000.073: sourcing nvim_exec2() called at /home/arpangreat/dotfiles/nvim/init.lua:0
069.274  000.398  000.398: sourcing /usr/local/share/nvim/runtime/plugin/nvim/spellfile.lua
069.281  000.437  000.039: sourcing nvim_exec2() called at /home/arpangreat/dotfiles/nvim/init.lua:0
070.022  000.360  000.360: sourcing /usr/local/share/nvim/runtime/plugin/osc52.lua
070.029  000.737  000.377: sourcing nvim_exec2() called at /home/arpangreat/dotfiles/nvim/init.lua:0
070.581  000.507  000.507: sourcing /usr/local/share/nvim/runtime/plugin/rplugin.vim
070.587  000.549  000.042: sourcing nvim_exec2() called at /home/arpangreat/dotfiles/nvim/init.lua:0
070.861  000.233  000.233: sourcing /usr/local/share/nvim/runtime/plugin/shada.lua
070.867  000.268  000.035: sourcing nvim_exec2() called at /home/arpangreat/dotfiles/nvim/init.lua:0
071.571  000.213  000.213: sourcing /usr/local/share/nvim/runtime/plugin/shada.vim
071.579  000.704  000.491: sourcing nvim_exec2() called at /home/arpangreat/dotfiles/nvim/init.lua:0
071.786  000.140  000.140: sourcing /usr/local/share/nvim/runtime/plugin/spellfile.vim
071.797  000.188  000.047: sourcing nvim_exec2() called at /home/arpangreat/dotfiles/nvim/init.lua:0
075.200  000.444  000.444: sourcing /usr/local/share/nvim/runtime/pack/dist/opt/nvim.undotree/plugin/undotree.lua
075.370  002.605  002.161: sourcing nvim_exec2() called at /home/arpangreat/dotfiles/nvim/init.lua:0
075.422  058.668  031.539: require('core.lazy')
083.000  000.477  000.477: require('tokyonight.theme')
084.380  000.532  000.532: require('tokyonight.util')
084.419  001.161  000.629: require('tokyonight.colors')
085.196  000.300  000.300: require('tokyonight.hsluv')
086.327  000.712  000.712: require('tokyonight.groups')
088.109  006.054  003.405: sourcing /home/arpangreat/.local/share/nvim/lazy/tokyonight.nvim/colors/tokyonight.lua
088.140  012.549  006.495: require('core.theme')
088.549  000.035  000.035: sourcing nvim_exec2() called at /home/arpangreat/dotfiles/nvim/init.lua:0
088.558  000.003  000.003: sourcing nvim_exec2() called at /home/arpangreat/dotfiles/nvim/init.lua:0
088.563  000.003  000.003: sourcing nvim_exec2() called at /home/arpangreat/dotfiles/nvim/init.lua:0
088.603  000.003  000.003: sourcing nvim_exec2() called at /home/arpangreat/dotfiles/nvim/init.lua:0
088.610  000.005  000.005: sourcing nvim_exec2() called at /home/arpangreat/dotfiles/nvim/init.lua:0
088.615  000.003  000.003: sourcing nvim_exec2() called at /home/arpangreat/dotfiles/nvim/init.lua:0
088.618  000.002  000.002: sourcing nvim_exec2() called at /home/arpangreat/dotfiles/nvim/init.lua:0
088.622  000.002  000.002: sourcing nvim_exec2() called at /home/arpangreat/dotfiles/nvim/init.lua:0
088.625  000.471  000.415: require('user.autocommands')
088.655  078.545  001.818: sourcing /home/arpangreat/.config/nvim/init.lua
088.674  002.674: sourcing vimrc file(s)
088.833  000.048  000.048: sourcing /usr/local/share/nvim/runtime/filetype.lua
089.983  000.293  000.293: sourcing /usr/local/share/nvim/runtime/syntax/synload.vim
090.187  000.900  000.608: sourcing /usr/local/share/nvim/runtime/syntax/syntax.vim
090.201  000.578: inits 3
093.566  003.365: reading ShaDa
096.073  000.301  000.301: sourcing /home/arpangreat/.local/share/nvim/lazy/plenary.nvim/plugin/plenary.vim
096.089  000.445  000.144: sourcing nvim_exec2() called at BufReadPre Autocommands for "*":0
096.171  000.004  000.004: sourcing nvim_exec2() called at BufReadPre Autocommands for "*":0
096.196  000.001  000.001: sourcing nvim_exec2() called at BufReadPre Autocommands for "*":0
098.239  001.137  001.137: require('gitsigns')
098.644  000.327  000.327: require('gitsigns.highlight')
098.925  000.248  000.248: require('gitsigns.debug.log')
099.285  000.352  000.352: require('gitsigns.config')
100.300  000.259  000.259: require('gitsigns.async')
101.328  000.660  000.660: require('gitsigns.util')
101.346  001.008  000.349: require('gitsigns.hunks')
101.975  000.278  000.278: require('gitsigns.diff')
102.128  000.146  000.146: require('gitsigns.signs')
102.340  000.206  000.206: require('gitsigns.status')
102.573  000.229  000.229: require('gitsigns.debounce')
102.744  000.167  000.167: require('gitsigns.cache')
102.771  001.419  000.395: require('gitsigns.manager')
102.899  000.125  000.125: require('gitsigns.message')
103.075  000.171  000.171: require('gitsigns.repeat')
103.149  003.536  000.555: require('gitsigns.actions')
104.452  000.114  000.114: require('gitsigns.system')
104.458  000.251  000.136: require('gitsigns.git.cmd')
104.575  000.111  000.111: require('gitsigns.git.errors')
104.853  000.274  000.274: require('gitsigns.git.version')
104.887  001.143  000.507: require('gitsigns.git.repo')
104.899  001.514  000.371: require('gitsigns.git')
104.923  001.765  000.251: require('gitsigns.attach')
105.332  000.367  000.367: require('gitsigns.current_line_blame')
106.912  010.032  002.300: sourcing /home/arpangreat/.local/share/nvim/lazy/gitsigns.nvim/plugin/gitsigns.lua
106.931  010.098  000.066: sourcing nvim_exec2() called at BufReadPre Autocommands for "*":0
106.976  000.007  000.007: sourcing nvim_exec2() called at BufReadPre Autocommands for "*":0
107.022  000.001  000.001: sourcing nvim_exec2() called at BufReadPre Autocommands for "*":0
107.882  000.477  000.477: require('snacks.bigfile')
110.191  002.233  002.233: require('vim.filetype')
116.652  000.123  000.123: require('vim.treesitter.language')
117.188  000.524  000.524: require('vim.func')
117.683  000.487  000.487: require('vim.treesitter._range')
118.435  000.730  000.730: require('vim.func._memoize')
118.511  002.264  000.400: require('vim.treesitter.query')
118.532  002.841  000.577: require('vim.treesitter.languagetree')
118.539  003.148  000.307: require('vim.treesitter')
118.759  003.737  000.589: sourcing /home/arpangreat/.local/share/nvim/lazy/nvim-treesitter/plugin/filetypes.lua
118.768  003.837  000.100: sourcing nvim_exec2() called at BufReadPost Autocommands for "*":0
119.398  000.578  000.578: sourcing /home/arpangreat/.local/share/nvim/lazy/nvim-treesitter/plugin/nvim-treesitter.lua
119.406  000.627  000.049: sourcing nvim_exec2() called at BufReadPost Autocommands for "*":0
119.624  000.156  000.156: sourcing /home/arpangreat/.local/share/nvim/lazy/nvim-treesitter/plugin/query_predicates.lua
119.628  000.214  000.058: sourcing nvim_exec2() called at BufReadPost Autocommands for "*":0
119.636  000.004  000.004: sourcing nvim_exec2() called at BufReadPost Autocommands for "*":0
119.651  000.001  000.001: sourcing nvim_exec2() called at BufReadPost Autocommands for "*":0
122.682  001.057  001.057: require('vim.lsp.protocol')
122.723  001.427  000.369: require('vim.lsp.log')
123.371  000.640  000.640: require('vim.lsp.util')
123.862  000.207  000.207: require('vim.lsp.sync')
123.872  000.490  000.283: require('vim.lsp._changetracking')
124.467  000.249  000.249: require('vim.lsp._transport')
124.807  000.012  000.012: require('string.buffer')
124.814  000.341  000.328: require('vim._stringbuffer')
124.932  001.055  000.465: require('vim.lsp.rpc')
125.035  004.145  000.533: require('vim.lsp')
128.553  003.507  003.507: require('lspconfig.util')
128.622  007.908  000.256: sourcing /home/arpangreat/.local/share/nvim/lazy/nvim-lspconfig/plugin/lspconfig.lua
128.641  007.965  000.056: sourcing nvim_exec2() called at BufReadPost Autocommands for "*":0
128.673  000.011  000.011: sourcing nvim_exec2() called at BufReadPost Autocommands for "*":0
128.719  000.001  000.001: sourcing nvim_exec2() called at BufReadPost Autocommands for "*":0
131.263  002.519  002.519: require('vim.diagnostic')
134.788  000.018  000.018: sourcing nvim_exec2() called at BufReadPost Autocommands for "*":0
134.807  000.001  000.001: sourcing nvim_exec2() called at BufReadPost Autocommands for "*":0
136.053  000.516  000.516: require('blink.cmp')
136.794  000.294  000.294: require('blink.cmp.lib.async')
137.210  000.143  000.143: require('blink.cmp.config.utils')
137.363  000.149  000.149: require('blink.cmp.config.keymap')
137.698  000.087  000.087: require('blink.cmp.config.completion.keyword')
137.855  000.152  000.152: require('blink.cmp.config.completion.trigger')
137.998  000.139  000.139: require('blink.cmp.config.completion.list')
138.148  000.146  000.146: require('blink.cmp.config.completion.accept')
138.326  000.174  000.174: require('blink.cmp.config.completion.menu')
138.423  000.093  000.093: require('blink.cmp.config.completion.documentation')
138.559  000.133  000.133: require('blink.cmp.config.completion.ghost_text')
138.562  001.195  000.269: require('blink.cmp.config.completion')
138.656  000.092  000.092: require('blink.cmp.config.fuzzy')
138.872  000.212  000.212: require('blink.cmp.config.sources')
139.033  000.156  000.156: require('blink.cmp.config.signature')
139.118  000.081  000.081: require('blink.cmp.config.snippets')
139.284  000.162  000.162: require('blink.cmp.config.appearance')
139.474  000.186  000.186: require('blink.cmp.config.modes.cmdline')
139.652  000.175  000.175: require('blink.cmp.config.modes.term')
139.657  002.856  000.306: require('blink.cmp.config')
139.810  000.150  000.150: require('blink.cmp.lib.utils')
139.942  000.129  000.129: require('blink.cmp.lib.event_emitter')
139.951  003.892  000.462: require('blink.cmp.sources.lib')
139.975  004.713  000.305: sourcing /home/arpangreat/.local/share/nvim/lazy/blink.cmp/plugin/blink-cmp.lua
139.982  004.778  000.065: sourcing nvim_exec2() called at BufReadPost Autocommands for "*":0
139.997  000.007  000.007: sourcing nvim_exec2() called at BufReadPost Autocommands for "*":0
140.009  000.001  000.001: sourcing nvim_exec2() called at BufReadPost Autocommands for "*":0
140.141  000.098  000.098: require('blink-cmp')
141.146  000.128  000.128: require('blink.cmp.config.modes.types')
143.188  000.439  000.439: require('blink.cmp.fuzzy.download.system')
143.247  000.986  000.547: require('blink.cmp.fuzzy.download.files')
143.253  001.363  000.376: require('blink.cmp.fuzzy.download.git')
143.258  001.825  000.462: require('blink.cmp.fuzzy.download')
147.661  015.688  008.831: require('blink.cmp')
147.741  016.453  000.765: require('plugins.lsp.config')
150.256  000.017  000.017: sourcing nvim_exec2() called at BufReadPost Autocommands for "*":0
150.273  000.001  000.001: sourcing nvim_exec2() called at BufReadPost Autocommands for "*":0
150.626  002.239  002.221: require('schemastore')
156.386  005.746  005.746: require('schemastore.catalog')
156.480  008.654  000.670: require('plugins.lsp.handlers')
158.366  000.453  000.453: sourcing /usr/local/share/nvim/runtime/ftplugin/lua.vim
168.531  000.560  000.560: require('vim.treesitter.highlighter')
171.133  012.733  012.173: sourcing /usr/local/share/nvim/runtime/ftplugin/lua.lua
172.209  000.253  000.253: sourcing /usr/local/share/nvim/runtime/indent/lua.vim
173.703  000.853  000.853: require('lazydev')
174.050  000.335  000.335: require('lazydev.config')
174.313  000.244  000.244: require('lazydev.util')
180.432  001.870  001.870: sourcing /usr/local/share/nvim/runtime/syntax/lua.vim
181.494  000.109  000.109: sourcing /usr/local/share/nvim/runtime/ftplugin/lua.vim
181.878  000.360  000.360: sourcing /usr/local/share/nvim/runtime/ftplugin/lua.lua
182.544  000.030  000.030: sourcing /usr/local/share/nvim/runtime/indent/lua.vim
184.249  001.298  001.298: require('vim.lsp.client')
196.246  000.798  000.798: require('vim.lsp._capability')
196.415  002.542  001.744: require('vim.lsp.semantic_tokens')
197.321  000.893  000.893: require('vim.lsp._folding_range')
198.595  000.490  000.490: require('vim.lsp._snippet_grammar')
198.618  001.281  000.791: require('vim.lsp.inline_completion')
198.859  000.230  000.230: require('vim.version')
207.589  000.726  000.726: require('snacks.util')
207.626  001.122  000.396: require('snacks.indent')
208.277  000.629  000.629: require('snacks.scope')
212.508  000.732  000.732: require('snacks.animate')
213.343  000.583  000.583: require('snacks.animate.easing')
213.927  000.428  000.428: require('editorconfig')
216.313  042.215: opening buffers
216.528  000.216: BufEnter autocommands
216.551  000.022: editing files in windows
216.571  000.020: --- NVIM STARTED ---

