Active window: kitty|
bind: Permission denied
Active window: kitty|arpangreat-arpangreat
bind: Permission denied
Active window: kitty|
bind: Permission denied
Active window: kitty|arpangreat-arpangreat
bind: Permission denied
Active window: kitty|
bind: Permission denied
Active window: kitty|arpangreat-arpangreat
bind: Permission denied
Active window: root|
bind: Permission denied
Active window: brave-browser|rvaiya-keyd-a-key-remapping-daemon-for-linux-brave
bind: Permission denied
Active window: brave-browser|new-tab-brave
bind: Permission denied
Active window: brave-browser|youtube-brave
bind: Permission denied
Active window: brave-browser|2-youtube-brave
bind: Permission denied
Active window: brave-browser|2-turn-your-capslock-key-into-escape-arrow-keys-layer-with-keyd-keyboard-remapper-linux-only-youtube-brave
bind: Permission denied
Active window: root|
bind: Permission denied
Active window: kitty|arpangreat-arpangreat
bind: Permission denied
Active window: root|
bind: Permission denied
Active window: kitty|
bind: Permission denied
Active window: root|
bind: Permission denied
Active window: kitty|arpangreat-arpangreat
bind: Permission denied
Active window: root|
bind: Permission denied
Active window: kitty|arpangreat-arpangreat
bind: Permission denied
Active window: root|
bind: Permission denied
Active window: alacritty|alacritty
bind: Permission denied
Active window: kitty|kitty
bind: Permission denied
Active window: kitty|zsh
bind: Permission denied
Active window: kitty|kitty
bind: Permission denied
Active window: kitty|zsh
bind: Permission denied
Active window: root|
bind: Permission denied
Active window: alacritty|alacritty
bind: Permission denied
Active window: root|
bind: Permission denied
Active window: brave-browser|2-turn-your-capslock-key-into-escape-arrow-keys-layer-with-keyd-keyboard-remapper-linux-only-youtube-brave
bind: Permission denied
Active window: root|
bind: Permission denied
Active window: alacritty|alacritty
bind: Permission denied
Active window: root|
bind: Permission denied
Active window: brave-browser|2-turn-your-capslock-key-into-escape-arrow-keys-layer-with-keyd-keyboard-remapper-linux-only-youtube-brave
bind: Permission denied
Active window: brave-browser|new-tab-brave
bind: Permission denied
Active window: root|
bind: Permission denied
Active window: alacritty|alacritty
bind: Permission denied
Active window: root|
bind: Permission denied
Active window: brave-browser|new-tab-brave
bind: Permission denied
Active window: root|
bind: Permission denied
Active window: alacritty|alacritty
bind: Permission denied
Active window: root|
bind: Permission denied
Active window: brave-browser|new-tab-brave
bind: Permission denied
Active window: brave-browser|2-turn-your-capslock-key-into-escape-arrow-keys-layer-with-keyd-keyboard-remapper-linux-only-youtube-brave
bind: Permission denied
Active window: brave-browser|new-tab-brave
bind: Permission denied
Active window: brave-browser|downloads-brave
bind: Permission denied
Active window: brave-browser|new-tab-brave
bind: Permission denied
Active window: brave-browser|downloads-brave
bind: Permission denied
Active window: brave-browser|new-tab-brave
bind: Permission denied
Active window: root|
bind: Permission denied
Active window: brave-browser|downloads-brave
bind: Permission denied
Active window: brave-browser|new-tab-brave
bind: Permission denied
Active window: brave-browser|rvaiya-keyd-a-key-remapping-daemon-for-linux-brave
bind: Permission denied
Active window: brave-browser|untitled-brave
bind: Permission denied
Active window: brave-browser|downloads-brave
bind: Permission denied
Active window: brave-browser|rvaiya-keyd-a-key-remapping-daemon-for-linux-brave
bind: Permission denied
Active window: root|
bind: Permission denied
Active window: alacritty|alacritty
bind: Permission denied
/home/arpangreat/.config/keyd/app.conf: Updated, reloading config...
Active window: root|
bind: Permission denied
Active window: brave-browser|rvaiya-keyd-a-key-remapping-daemon-for-linux-brave
bind: Permission denied
Active window: brave-browser|new-tab-brave
bind: Permission denied
Active window: root|
bind: Permission denied
Active window: alacritty|alacritty
bind: Permission denied
Active window: root|
bind: Permission denied
Active window: brave-browser|new-tab-brave
bind: Permission denied
Active window: root|
bind: Permission denied
Active window: emacs|doom-doom-emacs
bind: Permission denied
Active window: root|
bind: Permission denied
Active window: alacritty|alacritty
bind: Permission denied
Active window: root|
bind: Permission denied
Active window: brave-browser|new-tab-brave
bind: Permission denied
Active window: root|
bind: Permission denied
Active window: emacs|doom-doom-emacs
bind: Permission denied
Active window: root|
bind: Permission denied
Active window: alacritty|alacritty
bind: Permission denied
Active window: root|
bind: Permission denied
Active window: brave-browser|new-tab-brave
bind: Permission denied
Active window: brave-browser|rvaiya-keyd-a-key-remapping-daemon-for-linux-brave
bind: Permission denied
Active window: root|
bind: Permission denied
Active window: alacritty|alacritty
bind: Permission denied
/home/arpangreat/.config/keyd/app.conf: Updated, reloading config...
Active window: root|
bind: Permission denied
Active window: brave-browser|rvaiya-keyd-a-key-remapping-daemon-for-linux-brave
bind: Permission denied
Active window: root|
bind: Permission denied
Active window: alacritty|alacritty
bind: Permission denied
Active window: root|
bind: Permission denied
Active window: brave-browser|rvaiya-keyd-a-key-remapping-daemon-for-linux-brave
bind: Permission denied
Active window: root|
bind: Permission denied
Active window: alacritty|alacritty
bind: Permission denied
Active window: root|
bind: Permission denied
Active window: brave-browser|rvaiya-keyd-a-key-remapping-daemon-for-linux-brave
bind: Permission denied
Active window: brave-browser|your-stars-brave
bind: Permission denied
Active window: brave-browser|anuvyklack-hydra-nvim-bind-a-bunch-of-key-bindings-together-brave
bind: Permission denied
Active window: root|
bind: Permission denied
Active window: alacritty|alacritty
bind: Permission denied
Active window: root|
bind: Permission denied
Active window: brave-browser|anuvyklack-hydra-nvim-bind-a-bunch-of-key-bindings-together-brave
bind: Permission denied
Active window: root|
bind: Permission denied
Active window: alacritty|alacritty
bind: Permission denied
Active window: root|
bind: Permission denied
Active window: brave-browser|anuvyklack-hydra-nvim-bind-a-bunch-of-key-bindings-together-brave
bind: Permission denied
Active window: root|
bind: Permission denied
Active window: alacritty|alacritty
bind: Permission denied
Active window: root|
bind: Permission denied
Active window: brave-browser|anuvyklack-hydra-nvim-bind-a-bunch-of-key-bindings-together-brave
bind: Permission denied
Active window: root|
bind: Permission denied
Active window: alacritty|alacritty
bind: Permission denied
Active window: root|
bind: Permission denied
Active window: brave-browser|anuvyklack-hydra-nvim-bind-a-bunch-of-key-bindings-together-brave
bind: Permission denied
Active window: brave-browser|community-hydras-anuvyklack-hydra-nvim-wiki-brave
bind: Permission denied
Active window: brave-browser|mrjones2014-smart-splits-nvim-smart-directional-neovim-split-resizing-and-navigation-think-about-resizing-splits-in-terms-of-move-the-divider-to-the-left-right-up-down-brave
bind: Permission denied
Active window: root|
bind: Permission denied
Active window: alacritty|alacritty
bind: Permission denied
Active window: root|
bind: Permission denied
Active window: brave-browser|mrjones2014-smart-splits-nvim-smart-directional-neovim-split-resizing-and-navigation-think-about-resizing-splits-in-terms-of-move-the-divider-to-the-left-right-up-down-brave
bind: Permission denied
Active window: brave-browser|new-tab-brave
bind: Permission denied
Active window: brave-browser|beauwilliams-focus-nvim-auto-focusing-and-auto-resizing-splits-windows-for-neovim-written-in-lua-a-full-suite-of-window-management-enhancements-vim-splits-on-steroids-brave
bind: Permission denied
Active window: brave-browser|notion-one-workspace-every-team-brave
bind: Permission denied
Active window: brave-browser|mrjones2014-smart-splits-nvim-smart-directional-neovim-split-resizing-and-navigation-think-about-resizing-splits-in-terms-of-move-the-divider-to-the-left-right-up-down-brave
bind: Permission denied
Active window: root|
bind: Permission denied
Active window: alacritty|alacritty
bind: Permission denied
Active window: root|
bind: Permission denied
Active window: brave-browser|mrjones2014-smart-splits-nvim-smart-directional-neovim-split-resizing-and-navigation-think-about-resizing-splits-in-terms-of-move-the-divider-to-the-left-right-up-down-brave
bind: Permission denied
Active window: root|
bind: Permission denied
Active window: alacritty|alacritty
bind: Permission denied
Active window: root|
bind: Permission denied
Active window: brave-browser|mrjones2014-smart-splits-nvim-smart-directional-neovim-split-resizing-and-navigation-think-about-resizing-splits-in-terms-of-move-the-divider-to-the-left-right-up-down-brave
bind: Permission denied
Active window: brave-browser|sindrets-winshift-nvim-rearrange-your-windows-with-ease-brave
bind: Permission denied
Active window: root|
bind: Permission denied
Active window: alacritty|alacritty
bind: Permission denied
Active window: root|
bind: Permission denied
Active window: brave-browser|sindrets-winshift-nvim-rearrange-your-windows-with-ease-brave
bind: Permission denied
Active window: root|
bind: Permission denied
Active window: alacritty|alacritty
bind: Permission denied
Active window: root|
bind: Permission denied
Active window: brave-browser|sindrets-winshift-nvim-rearrange-your-windows-with-ease-brave
bind: Permission denied
Active window: brave-browser|jlanzarotta-bufexplorer-bufexplorer-plugin-for-vim-brave
bind: Permission denied
Active window: root|
bind: Permission denied
Active window: alacritty|alacritty
bind: Permission denied
Active window: root|
bind: Permission denied
Active window: brave-browser|jlanzarotta-bufexplorer-bufexplorer-plugin-for-vim-brave
bind: Permission denied
Active window: brave-browser|mrjones2014-smart-splits-nvim-smart-directional-neovim-split-resizing-and-navigation-think-about-resizing-splits-in-terms-of-move-the-divider-to-the-left-right-up-down-brave
bind: Permission denied
Active window: brave-browser|jlanzarotta-bufexplorer-bufexplorer-plugin-for-vim-brave
bind: Permission denied
Active window: brave-browser|community-hydras-anuvyklack-hydra-nvim-wiki-brave
bind: Permission denied
Active window: brave-browser|jlanzarotta-bufexplorer-bufexplorer-plugin-for-vim-brave
bind: Permission denied
Active window: brave-browser|sindrets-winshift-nvim-rearrange-your-windows-with-ease-brave
bind: Permission denied
Active window: root|
bind: Permission denied
Active window: alacritty|alacritty
bind: Permission denied
Active window: root|
bind: Permission denied
Active window: brave-browser|sindrets-winshift-nvim-rearrange-your-windows-with-ease-brave
bind: Permission denied
Active window: brave-browser|jlanzarotta-bufexplorer-bufexplorer-plugin-for-vim-brave
bind: Permission denied
Active window: brave-browser|community-hydras-anuvyklack-hydra-nvim-wiki-brave
bind: Permission denied
Active window: root|
bind: Permission denied
Active window: alacritty|alacritty
bind: Permission denied
Active window: root|
bind: Permission denied
Active window: brave-browser|community-hydras-anuvyklack-hydra-nvim-wiki-brave
bind: Permission denied
Active window: root|
bind: Permission denied
Active window: alacritty|alacritty
bind: Permission denied
Active window: root|
bind: Permission denied
Active window: brave-browser|community-hydras-anuvyklack-hydra-nvim-wiki-brave
bind: Permission denied
Active window: root|
bind: Permission denied
Active window: alacritty|alacritty
bind: Permission denied
Active window: root|
bind: Permission denied
Active window: brave-browser|community-hydras-anuvyklack-hydra-nvim-wiki-brave
bind: Permission denied
Active window: root|
bind: Permission denied
Active window: alacritty|alacritty
bind: Permission denied
Active window: root|
bind: Permission denied
Active window: brave-browser|community-hydras-anuvyklack-hydra-nvim-wiki-brave
bind: Permission denied
Active window: root|
bind: Permission denied
Active window: alacritty|alacritty
bind: Permission denied
Active window: root|
bind: Permission denied
Active window: brave-browser|community-hydras-anuvyklack-hydra-nvim-wiki-brave
bind: Permission denied
Active window: root|
bind: Permission denied
Active window: alacritty|alacritty
bind: Permission denied
Active window: root|
bind: Permission denied
Active window: brave-browser|community-hydras-anuvyklack-hydra-nvim-wiki-brave
bind: Permission denied
Active window: root|
bind: Permission denied
Active window: alacritty|alacritty
bind: Permission denied
Active window: root|
bind: Permission denied
Active window: brave-browser|community-hydras-anuvyklack-hydra-nvim-wiki-brave
bind: Permission denied
Active window: root|
bind: Permission denied
Active window: alacritty|alacritty
bind: Permission denied
Active window: root|
bind: Permission denied
Active window: brave-browser|community-hydras-anuvyklack-hydra-nvim-wiki-brave
bind: Permission denied
Active window: root|
bind: Permission denied
Active window: alacritty|alacritty
bind: Permission denied
Active window: root|
bind: Permission denied
Active window: brave-browser|community-hydras-anuvyklack-hydra-nvim-wiki-brave
bind: Permission denied
Active window: brave-browser|jlanzarotta-bufexplorer-bufexplorer-plugin-for-vim-brave
bind: Permission denied
Active window: brave-browser|sindrets-winshift-nvim-rearrange-your-windows-with-ease-brave
bind: Permission denied
Active window: brave-browser|mrjones2014-smart-splits-nvim-smart-directional-neovim-split-resizing-and-navigation-think-about-resizing-splits-in-terms-of-move-the-divider-to-the-left-right-up-down-brave
bind: Permission denied
Active window: brave-browser|notion-one-workspace-every-team-brave
bind: Permission denied
Active window: brave-browser|anuvyklack-hydra-nvim-bind-a-bunch-of-key-bindings-together-brave
bind: Permission denied
Active window: brave-browser|your-stars-brave
bind: Permission denied
Active window: brave-browser|folke-which-key-nvim-create-key-bindings-that-stick-whichkey-is-a-lua-plugin-for-neovim-0-5-that-displays-a-popup-with-possible-keybindings-of-the-command-you-started-typing-brave
bind: Permission denied
Active window: root|
bind: Permission denied
Active window: alacritty|alacritty
bind: Permission denied
Active window: root|
bind: Permission denied
Active window: brave-browser|folke-which-key-nvim-create-key-bindings-that-stick-whichkey-is-a-lua-plugin-for-neovim-0-5-that-displays-a-popup-with-possible-keybindings-of-the-command-you-started-typing-brave
bind: Permission denied
Active window: brave-browser|new-tab-brave
bind: Permission denied
Active window: brave-browser|lewis6991-impatient-nvim-improve-startup-time-for-neovim-brave
bind: Permission denied
Active window: root|
bind: Permission denied
Active window: alacritty|alacritty
bind: Permission denied
Active window: root|
bind: Permission denied
Active window: brave-browser|lewis6991-impatient-nvim-improve-startup-time-for-neovim-brave
bind: Permission denied
Active window: brave-browser|notion-one-workspace-every-team-brave
bind: Permission denied
Active window: brave-browser|folke-which-key-nvim-create-key-bindings-that-stick-whichkey-is-a-lua-plugin-for-neovim-0-5-that-displays-a-popup-with-possible-keybindings-of-the-command-you-started-typing-brave
bind: Permission denied
Active window: brave-browser|issues-folke-which-key-nvim-brave
bind: Permission denied
Active window: brave-browser|search-awesome-neovim-brave
bind: Permission denied
Active window: brave-browser|rockerboo-awesome-neovim-collections-of-awesome-neovim-plugins-brave
bind: Permission denied
Active window: brave-browser|folke-which-key-nvim-create-key-bindings-that-stick-whichkey-is-a-lua-plugin-for-neovim-0-5-that-displays-a-popup-with-possible-keybindings-of-the-command-you-started-typing-brave
bind: Permission denied
Active window: brave-browser|search-whichkey-nvim-brave
bind: Permission denied
Active window: brave-browser|acksld-nvim-whichkey-setup-lua-nvim-plugin-what-wraps-vim-which-key-to-simplify-setup-in-lua-brave
bind: Permission denied
Active window: root|
bind: Permission denied
Active window: alacritty|alacritty
bind: Permission denied
Active window: root|
bind: Permission denied
Active window: brave-browser|acksld-nvim-whichkey-setup-lua-nvim-plugin-what-wraps-vim-which-key-to-simplify-setup-in-lua-brave
bind: Permission denied
Active window: brave-browser|search-vim-which-kwy-brave
bind: Permission denied
Active window: brave-browser|search-vim-which-key-brave
bind: Permission denied
Active window: brave-browser|liuchengxu-vim-which-key-vim-plugin-that-shows-keybindings-in-popup-brave
bind: Permission denied
Active window: root|
bind: Permission denied
Active window: alacritty|alacritty
bind: Permission denied
Active window: root|
bind: Permission denied
Active window: brave-browser|liuchengxu-vim-which-key-vim-plugin-that-shows-keybindings-in-popup-brave
bind: Permission denied
Active window: brave-browser|liuchengxu-space-vim-lean-mean-spacemacs-ish-vim-distribution-brave
bind: Permission denied
Active window: brave-browser|space-vim-core-at-master-liuchengxu-space-vim-brave
bind: Permission denied
Active window: brave-browser|liuchengxu-space-vim-lean-mean-spacemacs-ish-vim-distribution-brave
bind: Permission denied
Active window: brave-browser|github-code-search-preview-brave
bind: Permission denied
Active window: brave-browser|github-code-search-authorized-brave
bind: Permission denied
Active window: brave-browser|github-code-search-preview-brave
bind: Permission denied
Active window: brave-browser|which-key-vim-github-code-search-brave
bind: Permission denied
Active window: root|
bind: Permission denied
Active window: alacritty|alacritty
bind: Permission denied
Active window: root|
bind: Permission denied
Active window: brave-browser|which-key-vim-github-code-search-brave
bind: Permission denied
Active window: brave-browser|which-key-vertical-github-code-search-brave
bind: Permission denied
Active window: brave-browser|which-key-vim-github-code-search-brave
bind: Permission denied
Active window: brave-browser|liuchengxu-vim-which-key-vim-plugin-that-shows-keybindings-in-popup-brave
bind: Permission denied
Active window: root|
bind: Permission denied
Active window: alacritty|alacritty
bind: Permission denied
Active window: root|
bind: Permission denied
Active window: brave-browser|liuchengxu-vim-which-key-vim-plugin-that-shows-keybindings-in-popup-brave
bind: Permission denied
Active window: brave-browser|which-key-vim-github-code-search-brave
bind: Permission denied
Active window: brave-browser|config-vim-github-code-search-brave
bind: Permission denied
Active window: brave-browser|packages-vim-github-code-search-brave
bind: Permission denied
Active window: brave-browser|which-key-vim-github-code-search-brave
bind: Permission denied
Active window: brave-browser|liuchengxu-vim-which-key-vim-plugin-that-shows-keybindings-in-popup-brave
bind: Permission denied
Active window: brave-browser|home-liuchengxu-vim-which-key-wiki-brave
bind: Permission denied
Active window: brave-browser|mimimal-vimrc-liuchengxu-vim-which-key-wiki-brave
bind: Permission denied
Active window: brave-browser|set-keybindings-based-on-filetype-or-other-condition-liuchengxu-vim-which-key-wiki-brave
bind: Permission denied
Active window: brave-browser|home-liuchengxu-vim-which-key-wiki-brave
bind: Permission denied
Active window: brave-browser|which-key-vim-github-code-search-brave
bind: Permission denied
Active window: root|
bind: Permission denied
Active window: alacritty|alacritty
bind: Permission denied
Active window: root|
bind: Permission denied
Active window: brave-browser|which-key-vim-github-code-search-brave
bind: Permission denied
Active window: root|
bind: Permission denied
Active window: alacritty|alacritty
bind: Permission denied
Active window: brave-browser|which-key-vim-github-code-search-brave
bind: Permission denied
Active window: brave-browser|notion-one-workspace-every-team-brave
bind: Permission denied
Active window: brave-browser|home-liuchengxu-vim-which-key-wiki-brave
bind: Permission denied
Active window: brave-browser|notion-one-workspace-every-team-brave
bind: Permission denied
Active window: brave-browser|home-liuchengxu-vim-which-key-wiki-brave
bind: Permission denied
Active window: brave-browser|notion-one-workspace-every-team-brave
bind: Permission denied
Active window: brave-browser|home-liuchengxu-vim-which-key-wiki-brave
bind: Permission denied
Active window: brave-browser|create-new-page-liuchengxu-vim-which-key-wiki-brave
bind: Permission denied
Active window: brave-browser|notion-one-workspace-every-team-brave
bind: Permission denied
Active window: brave-browser|create-new-page-liuchengxu-vim-which-key-wiki-brave
bind: Permission denied
Active window: brave-browser|notion-one-workspace-every-team-brave
bind: Permission denied
Active window: brave-browser|create-new-page-liuchengxu-vim-which-key-wiki-brave
bind: Permission denied
Active window: brave-browser|home-liuchengxu-vim-which-key-wiki-brave
bind: Permission denied
Active window: brave-browser|notion-one-workspace-every-team-brave
bind: Permission denied
Active window: brave-browser|home-liuchengxu-vim-which-key-wiki-brave
bind: Permission denied
Active window: brave-browser|notion-one-workspace-every-team-brave
bind: Permission denied
Active window: brave-browser|home-liuchengxu-vim-which-key-wiki-brave
bind: Permission denied
Active window: brave-browser|search-neogit-brave
bind: Permission denied
Active window: brave-browser|timuntersberger-neogit-magit-for-neovim-brave
bind: Permission denied
Active window: root|
bind: Permission denied
Active window: alacritty|alacritty
bind: Permission denied
