--------------------------------------------------------------------------------
[05 Jun 2021, 3:12:00.1 am:ERROR:publisher.cc(877)] Failed to retrieve panel publisher info
--------------------------------------------------------------------------------
[05 Jun 2021, 11:32:23.3 pm:ERROR:publisher.cc(763)] Publisher info not found
[05 Jun 2021, 11:40:59.8 pm:ERROR:publisher.cc(763)] Publisher info not found
[05 Jun 2021, 11:43:01.7 pm:ERROR:publisher.cc(763)] Publisher info not found
[05 Jun 2021, 11:43:08.7 pm:ERROR:publisher.cc(763)] Publisher info not found
[05 Jun 2021, 11:44:07.8 pm:ERROR:publisher.cc(763)] Publisher info not found
[05 Jun 2021, 11:44:38.8 pm:ERROR:publisher.cc(763)] Publisher info not found
[05 Jun 2021, 11:45:18.5 pm:ERROR:publisher.cc(763)] Publisher info not found
[05 Jun 2021, 11:49:51.3 pm:ERROR:publisher.cc(763)] Publisher info not found
[06 Jun 2021, 12:22:04.9 am:ERROR:publisher.cc(763)] Publisher info not found
[06 Jun 2021, 12:23:04.2 am:ERROR:publisher.cc(763)] Publisher info not found
[06 Jun 2021, 12:30:24.3 am:ERROR:publisher.cc(763)] Publisher info not found
[06 Jun 2021, 12:39:20.6 am:ERROR:publisher.cc(763)] Publisher info not found
[06 Jun 2021, 12:49:19.7 am:ERROR:publisher.cc(763)] Publisher info not found
--------------------------------------------------------------------------------
[06 Jun 2021, 1:57:06.6 am:ERROR:publisher.cc(763)] Publisher info not found
[06 Jun 2021, 2:02:53.8 am:ERROR:publisher.cc(763)] Publisher info not found
--------------------------------------------------------------------------------
[06 Jun 2021, 2:26:36.3 am:ERROR:publisher.cc(763)] Publisher info not found
[06 Jun 2021, 2:36:07.9 am:ERROR:publisher.cc(763)] Publisher info not found
[06 Jun 2021, 2:39:46.1 am:ERROR:publisher.cc(763)] Publisher info not found
[06 Jun 2021, 2:41:49.6 am:ERROR:publisher.cc(763)] Publisher info not found
--------------------------------------------------------------------------------
[06 Jun 2021, 2:58:58.0 am:ERROR:publisher.cc(763)] Publisher info not found
[06 Jun 2021, 3:00:01.1 am:ERROR:publisher.cc(763)] Publisher info not found
[06 Jun 2021, 3:00:23.4 am:ERROR:publisher.cc(763)] Publisher info not found
[06 Jun 2021, 3:00:39.7 am:ERROR:publisher.cc(763)] Publisher info not found
[06 Jun 2021, 3:01:16.7 am:ERROR:publisher.cc(763)] Publisher info not found
[06 Jun 2021, 3:01:22.1 am:ERROR:publisher.cc(763)] Publisher info not found
[06 Jun 2021, 3:02:31.1 am:ERROR:publisher.cc(763)] Publisher info not found
[06 Jun 2021, 3:02:36.7 am:ERROR:publisher.cc(763)] Publisher info not found
[06 Jun 2021, 3:02:55.6 am:ERROR:publisher.cc(763)] Publisher info not found
[06 Jun 2021, 3:03:34.3 am:ERROR:publisher.cc(763)] Publisher info not found
[06 Jun 2021, 3:04:51.9 am:ERROR:publisher.cc(763)] Publisher info not found
[06 Jun 2021, 3:06:18.4 am:ERROR:publisher.cc(763)] Publisher info not found
--------------------------------------------------------------------------------
[06 Jun 2021, 9:17:33.3 pm:ERROR:publisher.cc(763)] Publisher info not found
[06 Jun 2021, 9:18:15.1 pm:ERROR:publisher.cc(763)] Publisher info not found
[06 Jun 2021, 9:20:48.3 pm:ERROR:publisher.cc(763)] Publisher info not found
[06 Jun 2021, 9:28:12.2 pm:ERROR:publisher.cc(763)] Publisher info not found
[06 Jun 2021, 9:28:12.2 pm:ERROR:publisher.cc(763)] Publisher info not found
[06 Jun 2021, 9:33:56.7 pm:ERROR:publisher.cc(763)] Publisher info not found
[06 Jun 2021, 9:39:26.6 pm:ERROR:publisher.cc(763)] Publisher info not found
[06 Jun 2021, 9:40:59.9 pm:ERROR:publisher.cc(763)] Publisher info not found
[06 Jun 2021, 10:01:56.5 pm:ERROR:publisher.cc(763)] Publisher info not found
--------------------------------------------------------------------------------
[07 Jun 2021, 1:54:17.4 am:ERROR:publisher.cc(763)] Publisher info not found
[07 Jun 2021, 1:55:45.0 am:ERROR:publisher.cc(763)] Publisher info not found
[07 Jun 2021, 1:56:26.5 am:ERROR:publisher.cc(763)] Publisher info not found
[07 Jun 2021, 1:59:23.0 am:ERROR:publisher.cc(763)] Publisher info not found
[07 Jun 2021, 2:00:47.5 am:ERROR:publisher.cc(763)] Publisher info not found
[07 Jun 2021, 2:02:36.1 am:ERROR:publisher.cc(763)] Publisher info not found
[07 Jun 2021, 2:12:49.8 am:ERROR:publisher.cc(763)] Publisher info not found
[07 Jun 2021, 2:24:13.0 am:ERROR:publisher.cc(763)] Publisher info not found
[07 Jun 2021, 2:25:40.4 am:ERROR:publisher.cc(763)] Publisher info not found
[07 Jun 2021, 2:26:34.4 am:ERROR:publisher.cc(763)] Publisher info not found
[07 Jun 2021, 2:29:08.4 am:ERROR:publisher.cc(763)] Publisher info not found
[07 Jun 2021, 2:30:15.8 am:ERROR:publisher.cc(763)] Publisher info not found
--------------------------------------------------------------------------------
[07 Jun 2021, 4:14:20.8 am:ERROR:publisher.cc(763)] Publisher info not found
[07 Jun 2021, 4:14:31.2 am:ERROR:publisher.cc(763)] Publisher info not found
[07 Jun 2021, 4:15:30.7 am:ERROR:publisher.cc(763)] Publisher info not found
[07 Jun 2021, 4:15:37.8 am:ERROR:publisher.cc(763)] Publisher info not found
[07 Jun 2021, 4:16:33.6 am:ERROR:publisher.cc(763)] Publisher info not found
[07 Jun 2021, 4:16:56.3 am:ERROR:publisher.cc(763)] Publisher info not found
[07 Jun 2021, 4:17:01.3 am:ERROR:publisher.cc(763)] Publisher info not found
[07 Jun 2021, 4:17:14.4 am:ERROR:publisher.cc(763)] Publisher info not found
[07 Jun 2021, 4:17:24.1 am:ERROR:publisher.cc(763)] Publisher info not found
[07 Jun 2021, 4:21:09.7 am:ERROR:publisher.cc(763)] Publisher info not found
[07 Jun 2021, 4:21:17.5 am:ERROR:publisher.cc(763)] Publisher info not found
[07 Jun 2021, 4:21:38.0 am:ERROR:publisher.cc(763)] Publisher info not found
[07 Jun 2021, 4:23:01.8 am:ERROR:publisher.cc(763)] Publisher info not found
[07 Jun 2021, 4:24:05.3 am:ERROR:publisher.cc(763)] Publisher info not found
--------------------------------------------------------------------------------
[07 Jun 2021, 8:39:50.1 pm:ERROR:ad_rewards.cc(280)] Payment balance is not ready
[07 Jun 2021, 8:46:05.1 pm:ERROR:creative_new_tab_page_ads_database_table.cc(422)] Failed to get creative new tab page ad
[07 Jun 2021, 9:04:15.5 pm:ERROR:publisher.cc(763)] Publisher info not found
[07 Jun 2021, 9:08:45.3 pm:ERROR:creative_new_tab_page_ads_database_table.cc(422)] Failed to get creative new tab page ad
[07 Jun 2021, 9:20:40.2 pm:ERROR:publisher.cc(763)] Publisher info not found
[07 Jun 2021, 9:20:40.2 pm:ERROR:publisher.cc(763)] Publisher info not found
[07 Jun 2021, 9:24:21.0 pm:ERROR:creative_new_tab_page_ads_database_table.cc(422)] Failed to get creative new tab page ad
[07 Jun 2021, 9:34:47.6 pm:ERROR:publisher.cc(763)] Publisher info not found
[07 Jun 2021, 9:38:45.0 pm:ERROR:publisher.cc(763)] Publisher info not found
--------------------------------------------------------------------------------
[07 Jun 2021, 11:39:45.6 pm:ERROR:creative_new_tab_page_ads_database_table.cc(422)] Failed to get creative new tab page ad
[07 Jun 2021, 11:40:18.8 pm:ERROR:publisher.cc(763)] Publisher info not found
[07 Jun 2021, 11:44:59.7 pm:ERROR:publisher.cc(763)] Publisher info not found
[07 Jun 2021, 11:44:59.7 pm:ERROR:publisher.cc(763)] Publisher info not found
[08 Jun 2021, 12:07:20.4 am:ERROR:creative_new_tab_page_ads_database_table.cc(422)] Failed to get creative new tab page ad
[08 Jun 2021, 12:34:55.0 am:ERROR:publisher.cc(763)] Publisher info not found
[08 Jun 2021, 12:34:55.0 am:ERROR:publisher.cc(763)] Publisher info not found
[08 Jun 2021, 12:34:55.0 am:ERROR:publisher.cc(763)] Publisher info not found
[08 Jun 2021, 12:51:51.6 am:ERROR:creative_new_tab_page_ads_database_table.cc(422)] Failed to get creative new tab page ad
[08 Jun 2021, 12:52:35.2 am:ERROR:publisher.cc(763)] Publisher info not found
[08 Jun 2021, 12:55:11.3 am:ERROR:publisher.cc(763)] Publisher info not found
[08 Jun 2021, 12:55:11.3 am:ERROR:publisher.cc(763)] Publisher info not found
[08 Jun 2021, 12:55:11.3 am:ERROR:publisher.cc(763)] Publisher info not found
[08 Jun 2021, 12:59:04.2 am:ERROR:publisher.cc(763)] Publisher info not found
[08 Jun 2021, 2:22:55.9 am:ERROR:publisher.cc(763)] Publisher info not found
--------------------------------------------------------------------------------
[08 Jun 2021, 2:30:17.9 am:ERROR:creative_new_tab_page_ads_database_table.cc(422)] Failed to get creative new tab page ad
[08 Jun 2021, 2:31:05.5 am:ERROR:publisher.cc(763)] Publisher info not found
[08 Jun 2021, 2:38:11.4 am:ERROR:publisher.cc(763)] Publisher info not found
[08 Jun 2021, 2:41:24.4 am:ERROR:publisher.cc(763)] Publisher info not found
[08 Jun 2021, 3:09:00.9 am:ERROR:publisher.cc(763)] Publisher info not found
[08 Jun 2021, 3:09:55.8 am:ERROR:publisher.cc(763)] Publisher info not found
[08 Jun 2021, 3:16:43.6 am:ERROR:publisher.cc(763)] Publisher info not found
[08 Jun 2021, 3:17:31.0 am:ERROR:publisher.cc(763)] Publisher info not found
[08 Jun 2021, 3:25:16.5 am:ERROR:publisher.cc(763)] Publisher info not found
--------------------------------------------------------------------------------
[09 Jun 2021, 12:32:44.8 am:ERROR:publisher.cc(763)] Publisher info not found
[09 Jun 2021, 12:32:45.4 am:ERROR:publisher.cc(763)] Publisher info not found
[09 Jun 2021, 12:32:48.0 am:ERROR:publisher.cc(763)] Publisher info not found
[09 Jun 2021, 12:32:57.7 am:ERROR:publisher.cc(763)] Publisher info not found
[09 Jun 2021, 12:33:54.0 am:ERROR:publisher.cc(763)] Publisher info not found
[09 Jun 2021, 12:43:21.5 am:ERROR:publisher.cc(834)] Failed to retrieve publisher info while updating media duration
[09 Jun 2021, 12:43:22.8 am:ERROR:publisher.cc(763)] Publisher info not found
[09 Jun 2021, 12:45:35.3 am:ERROR:publisher.cc(763)] Publisher info not found
[09 Jun 2021, 12:55:15.4 am:ERROR:publisher.cc(763)] Publisher info not found
[09 Jun 2021, 12:55:15.4 am:ERROR:publisher.cc(763)] Publisher info not found
[09 Jun 2021, 12:58:03.1 am:ERROR:publisher.cc(763)] Publisher info not found
[09 Jun 2021, 12:58:03.1 am:ERROR:publisher.cc(763)] Publisher info not found
[09 Jun 2021, 1:08:35.1 am:ERROR:publisher.cc(763)] Publisher info not found
[09 Jun 2021, 1:08:35.1 am:ERROR:publisher.cc(763)] Publisher info not found
[09 Jun 2021, 1:20:14.1 am:ERROR:publisher.cc(763)] Publisher info not found
[09 Jun 2021, 1:38:31.7 am:ERROR:publisher.cc(763)] Publisher info not found
[09 Jun 2021, 1:38:31.7 am:ERROR:publisher.cc(763)] Publisher info not found
--------------------------------------------------------------------------------
[10 Jun 2021, 12:15:24.2 am:ERROR:publisher.cc(763)] Publisher info not found
[10 Jun 2021, 12:15:31.2 am:ERROR:publisher.cc(763)] Publisher info not found
[10 Jun 2021, 12:16:11.1 am:ERROR:publisher.cc(763)] Publisher info not found
[10 Jun 2021, 12:17:18.1 am:ERROR:publisher.cc(763)] Publisher info not found
[10 Jun 2021, 12:29:20.0 am:ERROR:publisher.cc(763)] Publisher info not found
[10 Jun 2021, 12:29:20.0 am:ERROR:publisher.cc(763)] Publisher info not found
[10 Jun 2021, 1:52:09.9 am:ERROR:publisher.cc(763)] Publisher info not found
[10 Jun 2021, 1:52:45.7 am:ERROR:publisher.cc(763)] Publisher info not found
[10 Jun 2021, 1:55:24.5 am:ERROR:publisher.cc(763)] Publisher info not found
[10 Jun 2021, 1:56:44.4 am:ERROR:publisher.cc(763)] Publisher info not found
--------------------------------------------------------------------------------
[10 Jun 2021, 2:26:20.7 am:ERROR:publisher.cc(763)] Publisher info not found
[10 Jun 2021, 2:26:20.7 am:ERROR:publisher.cc(763)] Publisher info not found
[10 Jun 2021, 2:33:01.4 am:ERROR:publisher.cc(763)] Publisher info not found
--------------------------------------------------------------------------------
[10 Jun 2021, 2:42:46.8 am:ERROR:publisher.cc(763)] Publisher info not found
[10 Jun 2021, 2:42:46.8 am:ERROR:publisher.cc(763)] Publisher info not found
--------------------------------------------------------------------------------
[10 Jun 2021, 11:41:04.1 pm:ERROR:get_parameters.cc(53)] Unexpected HTTP status: -1
[10 Jun 2021, 11:41:06.2 pm:ERROR:get_available.cc(69)] Unexpected HTTP status: -1
--------------------------------------------------------------------------------
[10 Jun 2021, 11:46:27.1 pm:ERROR:get_parameters.cc(53)] Unexpected HTTP status: -1
[10 Jun 2021, 11:46:27.2 pm:ERROR:get_parameters.cc(53)] Unexpected HTTP status: -1
[10 Jun 2021, 11:55:51.7 pm:ERROR:publisher.cc(763)] Publisher info not found
--------------------------------------------------------------------------------
[11 Jun 2021, 12:29:06.1 am:ERROR:publisher.cc(763)] Publisher info not found
[11 Jun 2021, 12:29:06.1 am:ERROR:publisher.cc(763)] Publisher info not found
[11 Jun 2021, 12:34:16.5 am:ERROR:publisher.cc(763)] Publisher info not found
[11 Jun 2021, 12:34:16.5 am:ERROR:publisher.cc(763)] Publisher info not found
[11 Jun 2021, 12:34:16.5 am:ERROR:publisher.cc(763)] Publisher info not found
[11 Jun 2021, 12:56:52.6 am:ERROR:get_available.cc(69)] Unexpected HTTP status: -1
[11 Jun 2021, 1:38:38.8 am:ERROR:publisher.cc(763)] Publisher info not found
[11 Jun 2021, 1:38:38.8 am:ERROR:publisher.cc(763)] Publisher info not found
[11 Jun 2021, 1:56:56.2 am:ERROR:publisher.cc(763)] Publisher info not found
[11 Jun 2021, 1:58:40.9 am:ERROR:publisher.cc(763)] Publisher info not found
[11 Jun 2021, 1:59:35.9 am:ERROR:publisher.cc(763)] Publisher info not found
[11 Jun 2021, 2:17:21.6 am:ERROR:publisher.cc(763)] Publisher info not found
[11 Jun 2021, 2:17:21.6 am:ERROR:publisher.cc(763)] Publisher info not found
--------------------------------------------------------------------------------
[11 Jun 2021, 6:51:50.9 pm:ERROR:get_parameters.cc(53)] Unexpected HTTP status: -1
[11 Jun 2021, 6:51:54.5 pm:ERROR:get_available.cc(69)] Unexpected HTTP status: -1
[11 Jun 2021, 6:55:54.1 pm:ERROR:get_parameters.cc(53)] Unexpected HTTP status: -1
[11 Jun 2021, 7:01:54.4 pm:ERROR:get_available.cc(69)] Unexpected HTTP status: -1
--------------------------------------------------------------------------------
[12 Jun 2021, 2:11:44.4 am:ERROR:publisher.cc(763)] Publisher info not found
[12 Jun 2021, 2:40:24.4 am:ERROR:publisher.cc(763)] Publisher info not found
[12 Jun 2021, 2:42:39.9 am:ERROR:publisher.cc(763)] Publisher info not found
[12 Jun 2021, 2:43:39.6 am:ERROR:publisher.cc(834)] Failed to retrieve publisher info while updating media duration
[12 Jun 2021, 2:43:41.7 am:ERROR:publisher.cc(763)] Publisher info not found
[12 Jun 2021, 2:44:16.6 am:ERROR:publisher.cc(763)] Publisher info not found
--------------------------------------------------------------------------------
[12 Jun 2021, 7:54:00.1 pm:ERROR:publisher.cc(763)] Publisher info not found
[12 Jun 2021, 8:30:44.7 pm:ERROR:publisher.cc(763)] Publisher info not found
[12 Jun 2021, 9:01:16.2 pm:ERROR:publisher.cc(763)] Publisher info not found
[12 Jun 2021, 10:06:22.1 pm:ERROR:publisher.cc(763)] Publisher info not found
[12 Jun 2021, 10:08:01.7 pm:ERROR:publisher.cc(763)] Publisher info not found
[12 Jun 2021, 10:08:25.2 pm:ERROR:publisher.cc(763)] Publisher info not found
[12 Jun 2021, 10:08:43.1 pm:ERROR:publisher.cc(763)] Publisher info not found
--------------------------------------------------------------------------------
[13 Jun 2021, 2:06:11.4 am:ERROR:publisher.cc(763)] Publisher info not found
[13 Jun 2021, 2:08:21.6 am:ERROR:publisher.cc(763)] Publisher info not found
[13 Jun 2021, 3:05:42.0 am:ERROR:publisher.cc(763)] Publisher info not found
[13 Jun 2021, 3:07:52.9 am:ERROR:publisher.cc(763)] Publisher info not found
[13 Jun 2021, 3:08:12.5 am:ERROR:publisher.cc(763)] Publisher info not found
[13 Jun 2021, 3:10:21.9 am:ERROR:publisher.cc(763)] Publisher info not found
[13 Jun 2021, 3:11:28.2 am:ERROR:publisher.cc(763)] Publisher info not found
[13 Jun 2021, 3:16:02.9 am:ERROR:publisher.cc(763)] Publisher info not found
[13 Jun 2021, 3:16:33.5 am:ERROR:publisher.cc(763)] Publisher info not found
[13 Jun 2021, 3:37:00.5 am:ERROR:publisher.cc(763)] Publisher info not found
--------------------------------------------------------------------------------
[13 Jun 2021, 11:24:11.1 pm:ERROR:publisher.cc(763)] Publisher info not found
[13 Jun 2021, 11:24:11.1 pm:ERROR:publisher.cc(763)] Publisher info not found
[13 Jun 2021, 11:25:06.1 pm:ERROR:publisher.cc(763)] Publisher info not found
[13 Jun 2021, 11:25:06.1 pm:ERROR:publisher.cc(763)] Publisher info not found
[13 Jun 2021, 11:25:59.7 pm:ERROR:publisher.cc(763)] Publisher info not found
[13 Jun 2021, 11:25:59.7 pm:ERROR:publisher.cc(763)] Publisher info not found
[13 Jun 2021, 11:26:01.7 pm:ERROR:publisher.cc(763)] Publisher info not found
[13 Jun 2021, 11:26:03.1 pm:ERROR:publisher.cc(763)] Publisher info not found
[14 Jun 2021, 12:00:40.0 am:ERROR:publisher.cc(763)] Publisher info not found
[14 Jun 2021, 12:00:40.0 am:ERROR:publisher.cc(763)] Publisher info not found
[14 Jun 2021, 12:01:38.3 am:ERROR:publisher.cc(763)] Publisher info not found
[14 Jun 2021, 12:01:39.2 am:ERROR:publisher.cc(763)] Publisher info not found
[14 Jun 2021, 12:01:40.1 am:ERROR:publisher.cc(763)] Publisher info not found
[14 Jun 2021, 12:01:43.4 am:ERROR:publisher.cc(763)] Publisher info not found
[14 Jun 2021, 1:11:09.8 am:ERROR:publisher.cc(763)] Publisher info not found
[14 Jun 2021, 1:12:59.8 am:ERROR:publisher.cc(763)] Publisher info not found
[14 Jun 2021, 1:26:28.8 am:ERROR:publisher.cc(763)] Publisher info not found
[14 Jun 2021, 1:30:56.6 am:ERROR:publisher.cc(763)] Publisher info not found
[14 Jun 2021, 1:32:29.3 am:ERROR:publisher.cc(763)] Publisher info not found
[14 Jun 2021, 1:34:06.2 am:ERROR:publisher.cc(763)] Publisher info not found
--------------------------------------------------------------------------------
[14 Jun 2021, 11:48:03.0 pm:ERROR:publisher.cc(763)] Publisher info not found
[14 Jun 2021, 11:50:12.2 pm:ERROR:publisher.cc(763)] Publisher info not found
[14 Jun 2021, 11:54:38.7 pm:ERROR:publisher.cc(763)] Publisher info not found
[14 Jun 2021, 11:54:38.7 pm:ERROR:publisher.cc(763)] Publisher info not found
[14 Jun 2021, 11:54:38.7 pm:ERROR:publisher.cc(763)] Publisher info not found
--------------------------------------------------------------------------------
[15 Jun 2021, 1:36:48.3 am:ERROR:publisher.cc(763)] Publisher info not found
[15 Jun 2021, 1:36:48.3 am:ERROR:publisher.cc(763)] Publisher info not found
[15 Jun 2021, 1:46:19.0 am:ERROR:publisher.cc(763)] Publisher info not found
--------------------------------------------------------------------------------
[15 Jun 2021, 3:07:19.3 pm:ERROR:publisher.cc(763)] Publisher info not found
--------------------------------------------------------------------------------
[16 Jun 2021, 12:47:57.9 am:ERROR:publisher.cc(763)] Publisher info not found
[16 Jun 2021, 12:54:23.7 am:ERROR:publisher.cc(763)] Publisher info not found
[16 Jun 2021, 12:54:30.6 am:ERROR:publisher.cc(763)] Publisher info not found
[16 Jun 2021, 12:54:39.2 am:ERROR:publisher.cc(763)] Publisher info not found
[16 Jun 2021, 12:55:12.4 am:ERROR:publisher.cc(763)] Publisher info not found
[16 Jun 2021, 12:55:29.4 am:ERROR:publisher.cc(763)] Publisher info not found
[16 Jun 2021, 12:56:05.1 am:ERROR:publisher.cc(763)] Publisher info not found
[16 Jun 2021, 12:56:12.8 am:ERROR:publisher.cc(763)] Publisher info not found
[16 Jun 2021, 1:33:22.0 am:ERROR:publisher.cc(763)] Publisher info not found
--------------------------------------------------------------------------------
[16 Jun 2021, 10:50:31.2 pm:ERROR:publisher.cc(763)] Publisher info not found
[16 Jun 2021, 10:50:40.4 pm:ERROR:publisher.cc(763)] Publisher info not found
[16 Jun 2021, 11:01:34.3 pm:ERROR:publisher.cc(763)] Publisher info not found
[16 Jun 2021, 11:10:23.8 pm:ERROR:publisher.cc(763)] Publisher info not found
[17 Jun 2021, 12:21:28.3 am:ERROR:publisher.cc(763)] Publisher info not found
[17 Jun 2021, 1:06:41.4 am:ERROR:publisher.cc(763)] Publisher info not found
[17 Jun 2021, 1:11:19.3 am:ERROR:publisher.cc(763)] Publisher info not found
[17 Jun 2021, 1:21:06.7 am:ERROR:publisher.cc(763)] Publisher info not found
[17 Jun 2021, 1:21:30.7 am:ERROR:publisher.cc(763)] Publisher info not found
[17 Jun 2021, 1:24:59.7 am:ERROR:publisher.cc(763)] Publisher info not found
[17 Jun 2021, 1:32:59.9 am:ERROR:publisher.cc(834)] Failed to retrieve publisher info while updating media duration
[17 Jun 2021, 1:33:00.4 am:ERROR:publisher.cc(763)] Publisher info not found
[17 Jun 2021, 1:33:00.4 am:ERROR:publisher.cc(763)] Publisher info not found
--------------------------------------------------------------------------------
[18 Jun 2021, 1:10:58.6 am:ERROR:publisher.cc(763)] Publisher info not found
[18 Jun 2021, 1:11:38.0 am:ERROR:publisher.cc(763)] Publisher info not found
[18 Jun 2021, 1:11:46.3 am:ERROR:publisher.cc(763)] Publisher info not found
[18 Jun 2021, 1:13:58.9 am:ERROR:publisher.cc(763)] Publisher info not found
[18 Jun 2021, 1:16:38.8 am:ERROR:publisher.cc(763)] Publisher info not found
[18 Jun 2021, 2:06:20.2 am:ERROR:publisher.cc(834)] Failed to retrieve publisher info while updating media duration
[18 Jun 2021, 2:06:21.0 am:ERROR:publisher.cc(763)] Publisher info not found
[18 Jun 2021, 2:12:28.1 am:ERROR:publisher.cc(763)] Publisher info not found
--------------------------------------------------------------------------------
[19 Jun 2021, 6:31:17.9 pm:ERROR:publisher.cc(763)] Publisher info not found
[19 Jun 2021, 6:31:26.8 pm:ERROR:publisher.cc(763)] Publisher info not found
[19 Jun 2021, 6:33:34.7 pm:ERROR:publisher.cc(763)] Publisher info not found
--------------------------------------------------------------------------------
[20 Jun 2021, 10:04:51.9 am:ERROR:publisher.cc(763)] Publisher info not found
--------------------------------------------------------------------------------
[20 Jun 2021, 11:55:06.6 am:ERROR:publisher.cc(763)] Publisher info not found
--------------------------------------------------------------------------------
[22 Jun 2021, 10:32:42.5 pm:ERROR:publisher.cc(763)] Publisher info not found
[22 Jun 2021, 10:36:46.9 pm:ERROR:publisher.cc(763)] Publisher info not found
[22 Jun 2021, 10:37:43.7 pm:ERROR:publisher.cc(763)] Publisher info not found
[22 Jun 2021, 10:38:04.1 pm:ERROR:publisher.cc(763)] Publisher info not found
[22 Jun 2021, 10:38:55.4 pm:ERROR:publisher.cc(763)] Publisher info not found
[22 Jun 2021, 10:48:25.6 pm:ERROR:publisher.cc(763)] Publisher info not found
[22 Jun 2021, 10:49:24.4 pm:ERROR:publisher.cc(763)] Publisher info not found
[22 Jun 2021, 10:49:24.4 pm:ERROR:publisher.cc(763)] Publisher info not found
[22 Jun 2021, 10:49:42.7 pm:ERROR:publisher.cc(763)] Publisher info not found
[22 Jun 2021, 10:50:27.3 pm:ERROR:publisher.cc(763)] Publisher info not found
[22 Jun 2021, 10:52:20.4 pm:ERROR:publisher.cc(763)] Publisher info not found
[22 Jun 2021, 10:59:11.5 pm:ERROR:publisher.cc(763)] Publisher info not found
[22 Jun 2021, 11:00:47.8 pm:ERROR:publisher.cc(763)] Publisher info not found
[22 Jun 2021, 11:05:40.6 pm:ERROR:publisher.cc(763)] Publisher info not found
[22 Jun 2021, 11:39:17.6 pm:ERROR:publisher.cc(763)] Publisher info not found
[22 Jun 2021, 11:39:17.6 pm:ERROR:publisher.cc(763)] Publisher info not found
--------------------------------------------------------------------------------
[23 Jun 2021, 11:50:53.6 pm:ERROR:publisher.cc(763)] Publisher info not found
[23 Jun 2021, 11:50:54.4 pm:ERROR:publisher.cc(763)] Publisher info not found
[23 Jun 2021, 11:50:54.4 pm:ERROR:publisher.cc(763)] Publisher info not found
--------------------------------------------------------------------------------
[24 Jun 2021, 10:45:07.7 pm:ERROR:publisher.cc(763)] Publisher info not found
--------------------------------------------------------------------------------
[25 Jun 2021, 9:17:39.4 pm:ERROR:creative_new_tab_page_ads_database_table.cc(422)] Failed to get creative new tab page ad
[25 Jun 2021, 9:19:51.8 pm:ERROR:publisher.cc(763)] Publisher info not found
[25 Jun 2021, 9:20:17.4 pm:ERROR:publisher.cc(763)] Publisher info not found
[25 Jun 2021, 9:20:35.7 pm:ERROR:publisher.cc(763)] Publisher info not found
[25 Jun 2021, 9:21:04.4 pm:ERROR:publisher.cc(763)] Publisher info not found
--------------------------------------------------------------------------------
[26 Jun 2021, 2:29:22.0 am:ERROR:creative_new_tab_page_ads_database_table.cc(422)] Failed to get creative new tab page ad
[26 Jun 2021, 2:29:42.8 am:ERROR:publisher.cc(763)] Publisher info not found
[26 Jun 2021, 2:29:49.3 am:ERROR:publisher.cc(763)] Publisher info not found
[26 Jun 2021, 2:30:40.4 am:ERROR:publisher.cc(763)] Publisher info not found
[26 Jun 2021, 2:31:22.4 am:ERROR:publisher.cc(763)] Publisher info not found
[26 Jun 2021, 2:31:40.8 am:ERROR:publisher.cc(763)] Publisher info not found
[26 Jun 2021, 2:31:46.9 am:ERROR:publisher.cc(763)] Publisher info not found
[26 Jun 2021, 2:32:01.2 am:ERROR:publisher.cc(763)] Publisher info not found
[26 Jun 2021, 2:32:08.0 am:ERROR:publisher.cc(763)] Publisher info not found
[26 Jun 2021, 2:33:39.1 am:ERROR:publisher.cc(763)] Publisher info not found
[26 Jun 2021, 2:34:48.4 am:ERROR:publisher.cc(763)] Publisher info not found
[26 Jun 2021, 2:35:22.3 am:ERROR:publisher.cc(763)] Publisher info not found
[26 Jun 2021, 2:35:58.3 am:ERROR:publisher.cc(763)] Publisher info not found
[26 Jun 2021, 2:36:22.2 am:ERROR:publisher.cc(763)] Publisher info not found
[26 Jun 2021, 2:37:35.7 am:ERROR:publisher.cc(763)] Publisher info not found
--------------------------------------------------------------------------------
[26 Jun 2021, 2:57:53.7 am:ERROR:creative_new_tab_page_ads_database_table.cc(422)] Failed to get creative new tab page ad
[26 Jun 2021, 3:02:56.9 am:ERROR:publisher.cc(763)] Publisher info not found
[26 Jun 2021, 3:02:56.9 am:ERROR:publisher.cc(763)] Publisher info not found
--------------------------------------------------------------------------------
[26 Jun 2021, 9:03:56.9 pm:ERROR:get_available.cc(69)] Unexpected HTTP status: -1
[26 Jun 2021, 9:14:20.0 pm:ERROR:publisher.cc(763)] Publisher info not found
[26 Jun 2021, 9:14:20.0 pm:ERROR:publisher.cc(763)] Publisher info not found
[26 Jun 2021, 9:19:08.6 pm:ERROR:publisher.cc(763)] Publisher info not found
[26 Jun 2021, 9:19:08.6 pm:ERROR:publisher.cc(763)] Publisher info not found
[26 Jun 2021, 9:24:28.9 pm:ERROR:get_available.cc(69)] Unexpected HTTP status: 504
[26 Jun 2021, 9:24:39.2 pm:ERROR:get_available.cc(69)] Unexpected HTTP status: 504
[26 Jun 2021, 9:46:58.9 pm:ERROR:get_available.cc(69)] Unexpected HTTP status: 503
[26 Jun 2021, 9:57:35.3 pm:ERROR:get_available.cc(69)] Unexpected HTTP status: 502
[26 Jun 2021, 10:01:31.5 pm:ERROR:publisher.cc(763)] Publisher info not found
[26 Jun 2021, 10:08:28.4 pm:ERROR:get_available.cc(69)] Unexpected HTTP status: 503
[26 Jun 2021, 10:19:43.7 pm:ERROR:get_available.cc(69)] Unexpected HTTP status: 503
[26 Jun 2021, 10:52:43.8 pm:ERROR:get_available.cc(69)] Unexpected HTTP status: 503
[26 Jun 2021, 11:04:04.0 pm:ERROR:get_available.cc(69)] Unexpected HTTP status: 503
[26 Jun 2021, 11:09:43.4 pm:ERROR:publisher.cc(763)] Publisher info not found
[26 Jun 2021, 11:09:43.4 pm:ERROR:publisher.cc(763)] Publisher info not found
[26 Jun 2021, 11:09:43.4 pm:ERROR:publisher.cc(763)] Publisher info not found
[26 Jun 2021, 11:11:50.3 pm:ERROR:publisher.cc(763)] Publisher info not found
[26 Jun 2021, 11:11:50.3 pm:ERROR:publisher.cc(763)] Publisher info not found
[26 Jun 2021, 11:14:43.7 pm:ERROR:get_available.cc(69)] Unexpected HTTP status: 503
[26 Jun 2021, 11:21:54.1 pm:ERROR:publisher.cc(763)] Publisher info not found
[26 Jun 2021, 11:31:40.0 pm:ERROR:publisher.cc(763)] Publisher info not found
[26 Jun 2021, 11:32:08.2 pm:ERROR:publisher.cc(763)] Publisher info not found
[26 Jun 2021, 11:36:43.4 pm:ERROR:get_available.cc(69)] Unexpected HTTP status: 503
[26 Jun 2021, 11:47:38.9 pm:ERROR:get_available.cc(69)] Unexpected HTTP status: 504
[26 Jun 2021, 11:57:15.3 pm:ERROR:publisher.cc(763)] Publisher info not found
[26 Jun 2021, 11:58:43.9 pm:ERROR:get_available.cc(69)] Unexpected HTTP status: 503
[27 Jun 2021, 12:20:59.0 am:ERROR:get_available.cc(69)] Unexpected HTTP status: 503
--------------------------------------------------------------------------------
[27 Jun 2021, 3:47:44.6 am:ERROR:publisher.cc(763)] Publisher info not found
[27 Jun 2021, 3:47:44.6 am:ERROR:publisher.cc(763)] Publisher info not found
[27 Jun 2021, 3:48:24.1 am:ERROR:publisher.cc(763)] Publisher info not found
[27 Jun 2021, 3:49:18.3 am:ERROR:publisher.cc(763)] Publisher info not found
[27 Jun 2021, 3:49:56.9 am:ERROR:publisher.cc(763)] Publisher info not found
[27 Jun 2021, 3:50:15.2 am:ERROR:publisher.cc(763)] Publisher info not found
[27 Jun 2021, 3:50:25.4 am:ERROR:publisher.cc(763)] Publisher info not found
[27 Jun 2021, 3:53:15.8 am:ERROR:publisher.cc(763)] Publisher info not found
[27 Jun 2021, 3:58:22.1 am:ERROR:publisher.cc(763)] Publisher info not found
[27 Jun 2021, 3:58:22.1 am:ERROR:publisher.cc(763)] Publisher info not found
[27 Jun 2021, 4:13:47.9 am:ERROR:publisher.cc(763)] Publisher info not found
[27 Jun 2021, 4:22:31.5 am:ERROR:publisher.cc(763)] Publisher info not found
--------------------------------------------------------------------------------
[28 Jun 2021, 12:46:17.8 am:ERROR:get_available.cc(69)] Unexpected HTTP status: 503
[28 Jun 2021, 12:46:48.0 am:ERROR:get_available.cc(69)] Unexpected HTTP status: 503
[28 Jun 2021, 12:47:15.6 am:ERROR:publisher.cc(763)] Publisher info not found
[28 Jun 2021, 12:54:45.5 am:ERROR:publisher.cc(763)] Publisher info not found
[28 Jun 2021, 12:55:03.4 am:ERROR:publisher.cc(763)] Publisher info not found
[28 Jun 2021, 12:55:40.9 am:ERROR:publisher.cc(763)] Publisher info not found
[28 Jun 2021, 12:57:30.1 am:ERROR:get_available.cc(69)] Unexpected HTTP status: 502
[28 Jun 2021, 12:59:40.3 am:ERROR:publisher.cc(763)] Publisher info not found
[28 Jun 2021, 1:07:11.1 am:ERROR:publisher.cc(834)] Failed to retrieve publisher info while updating media duration
[28 Jun 2021, 1:07:12.0 am:ERROR:publisher.cc(763)] Publisher info not found
[28 Jun 2021, 1:08:32.8 am:ERROR:publisher.cc(763)] Publisher info not found
[28 Jun 2021, 1:14:11.5 am:ERROR:publisher.cc(763)] Publisher info not found
[28 Jun 2021, 1:15:36.5 am:ERROR:publisher.cc(763)] Publisher info not found
[28 Jun 2021, 1:20:19.3 am:ERROR:publisher.cc(763)] Publisher info not found
[28 Jun 2021, 1:20:28.1 am:ERROR:publisher.cc(763)] Publisher info not found
[28 Jun 2021, 1:41:38.1 am:ERROR:get_available.cc(69)] Unexpected HTTP status: 503
[28 Jun 2021, 1:52:32.8 am:ERROR:get_available.cc(69)] Unexpected HTTP status: 504
[28 Jun 2021, 1:56:29.1 am:ERROR:publisher.cc(763)] Publisher info not found
[28 Jun 2021, 1:56:29.1 am:ERROR:publisher.cc(763)] Publisher info not found
[28 Jun 2021, 2:03:28.9 am:ERROR:get_available.cc(69)] Unexpected HTTP status: 503
[28 Jun 2021, 2:03:45.0 am:ERROR:get_available.cc(69)] Unexpected HTTP status: 503
[28 Jun 2021, 2:25:33.5 am:ERROR:get_available.cc(69)] Unexpected HTTP status: 504
[28 Jun 2021, 2:28:43.1 am:ERROR:publisher.cc(763)] Publisher info not found
[28 Jun 2021, 2:28:43.1 am:ERROR:publisher.cc(763)] Publisher info not found
[28 Jun 2021, 2:29:05.7 am:ERROR:publisher.cc(763)] Publisher info not found
[28 Jun 2021, 2:29:05.7 am:ERROR:publisher.cc(763)] Publisher info not found
[28 Jun 2021, 2:46:36.7 am:ERROR:get_available.cc(69)] Unexpected HTTP status: 503
[28 Jun 2021, 2:46:52.6 am:ERROR:get_available.cc(69)] Unexpected HTTP status: 503
[28 Jun 2021, 2:54:05.2 am:ERROR:publisher.cc(763)] Publisher info not found
[28 Jun 2021, 2:54:05.2 am:ERROR:publisher.cc(763)] Publisher info not found
[28 Jun 2021, 2:57:38.2 am:ERROR:get_available.cc(69)] Unexpected HTTP status: 503
[28 Jun 2021, 2:59:58.2 am:ERROR:publisher.cc(763)] Publisher info not found
[28 Jun 2021, 2:59:58.2 am:ERROR:publisher.cc(763)] Publisher info not found
[28 Jun 2021, 3:08:32.8 am:ERROR:get_available.cc(69)] Unexpected HTTP status: 504
[28 Jun 2021, 3:33:53.5 am:ERROR:publisher.cc(763)] Publisher info not found
[28 Jun 2021, 3:33:53.5 am:ERROR:publisher.cc(763)] Publisher info not found
[28 Jun 2021, 3:33:53.5 am:ERROR:publisher.cc(763)] Publisher info not found
[28 Jun 2021, 3:37:50.9 am:ERROR:publisher.cc(763)] Publisher info not found
[28 Jun 2021, 3:40:46.6 am:ERROR:get_available.cc(69)] Unexpected HTTP status: 503
[28 Jun 2021, 3:51:53.2 am:ERROR:get_available.cc(69)] Unexpected HTTP status: 503
[28 Jun 2021, 3:54:19.1 am:ERROR:publisher.cc(763)] Publisher info not found
[28 Jun 2021, 3:54:19.2 am:ERROR:publisher.cc(763)] Publisher info not found
[28 Jun 2021, 4:02:47.9 am:ERROR:get_available.cc(69)] Unexpected HTTP status: 504
--------------------------------------------------------------------------------
[28 Jun 2021, 11:38:16.3 am:ERROR:get_available.cc(69)] Unexpected HTTP status: 503
[28 Jun 2021, 11:56:33.2 am:ERROR:publisher.cc(763)] Publisher info not found
[28 Jun 2021, 11:59:46.9 am:ERROR:get_available.cc(69)] Unexpected HTTP status: 504
[28 Jun 2021, 12:10:37.1 pm:ERROR:get_available.cc(69)] Unexpected HTTP status: 503
[28 Jun 2021, 12:10:55.4 pm:ERROR:publisher.cc(763)] Publisher info not found
[28 Jun 2021, 12:11:23.9 pm:ERROR:publisher.cc(763)] Publisher info not found
[28 Jun 2021, 12:21:19.4 pm:ERROR:publisher.cc(763)] Publisher info not found
[28 Jun 2021, 12:21:52.1 pm:ERROR:get_available.cc(69)] Unexpected HTTP status: 503
[28 Jun 2021, 12:23:03.8 pm:ERROR:publisher.cc(763)] Publisher info not found
[28 Jun 2021, 12:25:13.0 pm:ERROR:publisher.cc(763)] Publisher info not found
--------------------------------------------------------------------------------
[28 Jun 2021, 11:38:25.9 pm:ERROR:get_available.cc(69)] Unexpected HTTP status: 503
[28 Jun 2021, 11:39:46.5 pm:ERROR:publisher.cc(763)] Publisher info not found
[28 Jun 2021, 11:39:46.5 pm:ERROR:publisher.cc(763)] Publisher info not found
[28 Jun 2021, 11:41:44.3 pm:ERROR:publisher.cc(763)] Publisher info not found
[28 Jun 2021, 11:41:44.3 pm:ERROR:publisher.cc(763)] Publisher info not found
[28 Jun 2021, 11:42:18.5 pm:ERROR:publisher.cc(763)] Publisher info not found
[28 Jun 2021, 11:42:18.5 pm:ERROR:publisher.cc(763)] Publisher info not found
[28 Jun 2021, 11:44:57.4 pm:ERROR:publisher.cc(763)] Publisher info not found
[28 Jun 2021, 11:49:16.8 pm:ERROR:get_available.cc(69)] Unexpected HTTP status: 503
[29 Jun 2021, 12:53:50.3 am:ERROR:publisher.cc(763)] Publisher info not found
--------------------------------------------------------------------------------
[29 Jun 2021, 7:41:13.4 pm:ERROR:publisher.cc(763)] Publisher info not found
[29 Jun 2021, 7:41:13.4 pm:ERROR:publisher.cc(763)] Publisher info not found
[29 Jun 2021, 8:17:29.8 pm:ERROR:publisher.cc(763)] Publisher info not found
[29 Jun 2021, 8:17:29.8 pm:ERROR:publisher.cc(763)] Publisher info not found
[29 Jun 2021, 8:20:42.4 pm:ERROR:publisher.cc(763)] Publisher info not found
[29 Jun 2021, 8:20:42.4 pm:ERROR:publisher.cc(763)] Publisher info not found
[29 Jun 2021, 8:26:44.5 pm:ERROR:publisher.cc(763)] Publisher info not found
[29 Jun 2021, 9:14:08.8 pm:ERROR:publisher.cc(763)] Publisher info not found
[29 Jun 2021, 9:14:08.8 pm:ERROR:publisher.cc(763)] Publisher info not found
[29 Jun 2021, 9:14:54.5 pm:ERROR:publisher.cc(763)] Publisher info not found
[29 Jun 2021, 9:14:54.5 pm:ERROR:publisher.cc(763)] Publisher info not found
[29 Jun 2021, 11:31:03.3 pm:ERROR:publisher.cc(763)] Publisher info not found
[30 Jun 2021, 12:06:52.5 am:ERROR:publisher.cc(763)] Publisher info not found
--------------------------------------------------------------------------------
[30 Jun 2021, 10:02:40.4 pm:ERROR:ad_rewards.cc(280)] Payment balance is not ready
[30 Jun 2021, 11:17:03.7 pm:ERROR:publisher.cc(763)] Publisher info not found
--------------------------------------------------------------------------------
[01 Jul 2021, 3:56:03.9 am:ERROR:publisher.cc(763)] Publisher info not found
[01 Jul 2021, 3:56:18.0 am:ERROR:publisher.cc(763)] Publisher info not found
[01 Jul 2021, 3:56:25.0 am:ERROR:publisher.cc(763)] Publisher info not found
[01 Jul 2021, 3:56:44.2 am:ERROR:publisher.cc(763)] Publisher info not found
[01 Jul 2021, 3:58:26.8 am:ERROR:publisher.cc(763)] Publisher info not found
--------------------------------------------------------------------------------
[01 Jul 2021, 8:35:17.7 pm:ERROR:publisher.cc(763)] Publisher info not found
[01 Jul 2021, 8:35:21.3 pm:ERROR:refill_unblinded_tokens.cc(189)] Failed to get signed tokens
[01 Jul 2021, 9:06:44.9 pm:ERROR:publisher.cc(763)] Publisher info not found
[01 Jul 2021, 9:06:44.9 pm:ERROR:publisher.cc(763)] Publisher info not found
[01 Jul 2021, 9:09:21.4 pm:ERROR:publisher.cc(763)] Publisher info not found
[01 Jul 2021, 9:09:21.4 pm:ERROR:publisher.cc(763)] Publisher info not found
[01 Jul 2021, 9:21:04.4 pm:ERROR:publisher.cc(763)] Publisher info not found
[01 Jul 2021, 9:21:04.4 pm:ERROR:publisher.cc(763)] Publisher info not found
[01 Jul 2021, 9:32:42.9 pm:ERROR:publisher.cc(763)] Publisher info not found
[01 Jul 2021, 9:32:42.9 pm:ERROR:publisher.cc(763)] Publisher info not found
[01 Jul 2021, 10:01:03.1 pm:ERROR:publisher.cc(763)] Publisher info not found
[01 Jul 2021, 10:05:22.9 pm:ERROR:publisher.cc(763)] Publisher info not found
[01 Jul 2021, 10:11:10.0 pm:ERROR:publisher.cc(763)] Publisher info not found
[01 Jul 2021, 10:31:28.5 pm:ERROR:publisher.cc(763)] Publisher info not found
[01 Jul 2021, 10:31:28.5 pm:ERROR:publisher.cc(763)] Publisher info not found
[01 Jul 2021, 11:15:24.1 pm:ERROR:publisher.cc(763)] Publisher info not found
[01 Jul 2021, 11:15:24.1 pm:ERROR:publisher.cc(763)] Publisher info not found
[01 Jul 2021, 11:20:53.9 pm:ERROR:publisher.cc(763)] Publisher info not found
[01 Jul 2021, 11:38:48.9 pm:ERROR:publisher.cc(763)] Publisher info not found
[01 Jul 2021, 11:39:08.5 pm:ERROR:publisher.cc(763)] Publisher info not found
[01 Jul 2021, 11:39:43.1 pm:ERROR:publisher.cc(763)] Publisher info not found
[01 Jul 2021, 11:43:18.1 pm:ERROR:publisher.cc(763)] Publisher info not found
[01 Jul 2021, 11:55:53.2 pm:ERROR:publisher.cc(763)] Publisher info not found
--------------------------------------------------------------------------------
[02 Jul 2021, 2:49:56.6 am:ERROR:publisher.cc(763)] Publisher info not found
[02 Jul 2021, 2:49:59.7 am:ERROR:publisher.cc(763)] Publisher info not found
[02 Jul 2021, 2:50:06.8 am:ERROR:publisher.cc(763)] Publisher info not found
[02 Jul 2021, 2:50:06.8 am:ERROR:publisher.cc(763)] Publisher info not found
[02 Jul 2021, 2:57:38.2 am:ERROR:publisher.cc(763)] Publisher info not found
[02 Jul 2021, 2:57:38.2 am:ERROR:publisher.cc(763)] Publisher info not found
[02 Jul 2021, 3:25:59.7 am:ERROR:publisher.cc(763)] Publisher info not found
[02 Jul 2021, 3:28:11.2 am:ERROR:publisher.cc(763)] Publisher info not found
[02 Jul 2021, 3:30:43.2 am:ERROR:publisher.cc(763)] Publisher info not found
--------------------------------------------------------------------------------
[02 Jul 2021, 9:57:16.0 am:ERROR:publisher.cc(763)] Publisher info not found
[02 Jul 2021, 9:58:54.0 am:ERROR:publisher.cc(763)] Publisher info not found
[02 Jul 2021, 9:59:17.8 am:ERROR:publisher.cc(763)] Publisher info not found
[02 Jul 2021, 9:59:48.2 am:ERROR:publisher.cc(763)] Publisher info not found
[02 Jul 2021, 10:00:31.8 am:ERROR:publisher.cc(763)] Publisher info not found
[02 Jul 2021, 10:01:02.1 am:ERROR:publisher.cc(763)] Publisher info not found
[02 Jul 2021, 10:01:08.1 am:ERROR:publisher.cc(763)] Publisher info not found
[02 Jul 2021, 10:01:12.8 am:ERROR:publisher.cc(763)] Publisher info not found
[02 Jul 2021, 10:01:30.9 am:ERROR:publisher.cc(763)] Publisher info not found
[02 Jul 2021, 10:01:39.7 am:ERROR:publisher.cc(763)] Publisher info not found
[02 Jul 2021, 10:02:37.3 am:ERROR:publisher.cc(763)] Publisher info not found
[02 Jul 2021, 10:03:37.0 am:ERROR:publisher.cc(763)] Publisher info not found
[02 Jul 2021, 10:18:26.2 am:ERROR:publisher.cc(763)] Publisher info not found
[02 Jul 2021, 10:18:26.2 am:ERROR:publisher.cc(763)] Publisher info not found
[02 Jul 2021, 10:28:55.1 am:ERROR:publisher.cc(763)] Publisher info not found
[02 Jul 2021, 10:28:55.1 am:ERROR:publisher.cc(763)] Publisher info not found
[02 Jul 2021, 10:54:35.9 am:ERROR:publisher.cc(763)] Publisher info not found
[02 Jul 2021, 10:59:03.7 am:ERROR:publisher.cc(763)] Publisher info not found
[02 Jul 2021, 11:15:25.4 am:ERROR:publisher.cc(763)] Publisher info not found
[02 Jul 2021, 11:15:25.4 am:ERROR:publisher.cc(763)] Publisher info not found
[02 Jul 2021, 11:18:18.1 am:ERROR:publisher.cc(834)] Failed to retrieve publisher info while updating media duration
[02 Jul 2021, 11:18:18.5 am:ERROR:publisher.cc(763)] Publisher info not found
[02 Jul 2021, 11:18:18.5 am:ERROR:publisher.cc(763)] Publisher info not found
--------------------------------------------------------------------------------
[02 Jul 2021, 5:34:53.1 pm:ERROR:publisher.cc(763)] Publisher info not found
[02 Jul 2021, 5:35:04.0 pm:ERROR:publisher.cc(763)] Publisher info not found
[02 Jul 2021, 5:36:26.8 pm:ERROR:publisher.cc(763)] Publisher info not found
[02 Jul 2021, 5:40:24.6 pm:ERROR:publisher.cc(763)] Publisher info not found
[02 Jul 2021, 5:41:15.8 pm:ERROR:publisher.cc(834)] Failed to retrieve publisher info while updating media duration
[02 Jul 2021, 5:41:16.6 pm:ERROR:publisher.cc(763)] Publisher info not found
[02 Jul 2021, 5:51:03.6 pm:ERROR:publisher.cc(763)] Publisher info not found
[02 Jul 2021, 5:51:42.8 pm:ERROR:publisher.cc(763)] Publisher info not found
[02 Jul 2021, 6:27:06.2 pm:ERROR:publisher.cc(763)] Publisher info not found
--------------------------------------------------------------------------------
[02 Jul 2021, 8:58:13.7 pm:ERROR:publisher.cc(763)] Publisher info not found
[02 Jul 2021, 8:59:13.2 pm:ERROR:publisher.cc(763)] Publisher info not found
[02 Jul 2021, 8:59:44.4 pm:ERROR:publisher.cc(763)] Publisher info not found
[02 Jul 2021, 8:59:56.8 pm:ERROR:publisher.cc(763)] Publisher info not found
[02 Jul 2021, 9:00:08.9 pm:ERROR:publisher.cc(763)] Publisher info not found
[02 Jul 2021, 9:00:16.5 pm:ERROR:publisher.cc(763)] Publisher info not found
[02 Jul 2021, 9:01:19.3 pm:ERROR:publisher.cc(763)] Publisher info not found
[02 Jul 2021, 9:01:25.6 pm:ERROR:publisher.cc(763)] Publisher info not found
[02 Jul 2021, 9:01:38.4 pm:ERROR:publisher.cc(763)] Publisher info not found
[02 Jul 2021, 9:02:34.3 pm:ERROR:publisher.cc(763)] Publisher info not found
[02 Jul 2021, 9:02:41.2 pm:ERROR:publisher.cc(763)] Publisher info not found
[02 Jul 2021, 9:02:57.8 pm:ERROR:publisher.cc(763)] Publisher info not found
[02 Jul 2021, 9:03:10.9 pm:ERROR:publisher.cc(763)] Publisher info not found
[02 Jul 2021, 9:04:47.6 pm:ERROR:publisher.cc(763)] Publisher info not found
[02 Jul 2021, 9:12:02.0 pm:ERROR:publisher.cc(763)] Publisher info not found
[02 Jul 2021, 9:12:16.2 pm:ERROR:publisher.cc(763)] Publisher info not found
[02 Jul 2021, 9:15:46.0 pm:ERROR:publisher.cc(763)] Publisher info not found
[02 Jul 2021, 9:19:31.4 pm:ERROR:publisher.cc(763)] Publisher info not found
[02 Jul 2021, 9:23:23.6 pm:ERROR:publisher.cc(763)] Publisher info not found
[02 Jul 2021, 9:23:51.4 pm:ERROR:publisher.cc(763)] Publisher info not found
[02 Jul 2021, 9:27:38.7 pm:ERROR:publisher.cc(763)] Publisher info not found
[02 Jul 2021, 9:27:38.7 pm:ERROR:publisher.cc(763)] Publisher info not found
[02 Jul 2021, 9:36:18.9 pm:ERROR:publisher.cc(763)] Publisher info not found
[02 Jul 2021, 9:55:13.4 pm:ERROR:publisher.cc(763)] Publisher info not found
[02 Jul 2021, 9:59:40.6 pm:ERROR:publisher.cc(763)] Publisher info not found
[02 Jul 2021, 10:00:12.7 pm:ERROR:publisher.cc(763)] Publisher info not found
[02 Jul 2021, 10:09:49.0 pm:ERROR:publisher.cc(763)] Publisher info not found
[02 Jul 2021, 11:11:45.3 pm:ERROR:publisher.cc(763)] Publisher info not found
--------------------------------------------------------------------------------
[03 Jul 2021, 2:42:47.4 am:ERROR:publisher.cc(763)] Publisher info not found
[03 Jul 2021, 2:42:47.4 am:ERROR:publisher.cc(763)] Publisher info not found
[03 Jul 2021, 3:15:13.0 am:ERROR:publisher.cc(763)] Publisher info not found
[03 Jul 2021, 3:15:13.0 am:ERROR:publisher.cc(763)] Publisher info not found
[03 Jul 2021, 3:29:11.4 am:ERROR:publisher.cc(763)] Publisher info not found
[03 Jul 2021, 3:29:32.3 am:ERROR:publisher.cc(763)] Publisher info not found
[03 Jul 2021, 3:52:22.9 am:ERROR:publisher.cc(763)] Publisher info not found
[03 Jul 2021, 3:52:34.0 am:ERROR:publisher.cc(763)] Publisher info not found
[03 Jul 2021, 3:56:47.2 am:ERROR:publisher.cc(763)] Publisher info not found
[03 Jul 2021, 3:56:47.2 am:ERROR:publisher.cc(763)] Publisher info not found
--------------------------------------------------------------------------------
[03 Jul 2021, 12:03:35.1 pm:ERROR:publisher.cc(763)] Publisher info not found
--------------------------------------------------------------------------------
[03 Jul 2021, 8:29:33.1 pm:ERROR:publisher.cc(763)] Publisher info not found
[03 Jul 2021, 9:06:02.4 pm:ERROR:publisher.cc(763)] Publisher info not found
[03 Jul 2021, 9:06:02.4 pm:ERROR:publisher.cc(763)] Publisher info not found
[03 Jul 2021, 9:09:32.9 pm:ERROR:publisher.cc(763)] Publisher info not found
[03 Jul 2021, 9:09:32.9 pm:ERROR:publisher.cc(763)] Publisher info not found
[03 Jul 2021, 10:42:07.0 pm:ERROR:publisher.cc(763)] Publisher info not found
[03 Jul 2021, 11:39:25.0 pm:ERROR:publisher.cc(763)] Publisher info not found
--------------------------------------------------------------------------------
[04 Jul 2021, 8:23:59.7 pm:ERROR:publisher.cc(763)] Publisher info not found
[04 Jul 2021, 8:24:07.6 pm:ERROR:publisher.cc(763)] Publisher info not found
[04 Jul 2021, 8:24:30.0 pm:ERROR:publisher.cc(763)] Publisher info not found
[04 Jul 2021, 8:38:28.6 pm:ERROR:publisher.cc(763)] Publisher info not found
[04 Jul 2021, 8:38:28.6 pm:ERROR:publisher.cc(763)] Publisher info not found
[04 Jul 2021, 8:39:10.4 pm:ERROR:publisher.cc(763)] Publisher info not found
[04 Jul 2021, 8:46:08.2 pm:ERROR:publisher.cc(763)] Publisher info not found
[04 Jul 2021, 8:48:00.7 pm:ERROR:publisher.cc(763)] Publisher info not found
[04 Jul 2021, 8:48:00.7 pm:ERROR:publisher.cc(763)] Publisher info not found
[04 Jul 2021, 8:48:48.8 pm:ERROR:publisher.cc(763)] Publisher info not found
[04 Jul 2021, 8:48:48.8 pm:ERROR:publisher.cc(763)] Publisher info not found
[04 Jul 2021, 8:49:15.0 pm:ERROR:publisher.cc(763)] Publisher info not found
[04 Jul 2021, 8:49:15.0 pm:ERROR:publisher.cc(763)] Publisher info not found
[04 Jul 2021, 9:27:09.1 pm:ERROR:publisher.cc(763)] Publisher info not found
[04 Jul 2021, 9:28:03.1 pm:ERROR:publisher.cc(763)] Publisher info not found
[04 Jul 2021, 10:23:31.9 pm:ERROR:publisher.cc(763)] Publisher info not found
[04 Jul 2021, 10:48:59.4 pm:ERROR:publisher.cc(763)] Publisher info not found
[04 Jul 2021, 10:50:24.8 pm:ERROR:publisher.cc(763)] Publisher info not found
[04 Jul 2021, 10:53:10.5 pm:ERROR:publisher.cc(763)] Publisher info not found
[04 Jul 2021, 11:05:49.3 pm:ERROR:publisher.cc(763)] Publisher info not found
[04 Jul 2021, 11:05:55.5 pm:ERROR:publisher.cc(763)] Publisher info not found
[04 Jul 2021, 11:06:03.2 pm:ERROR:publisher.cc(763)] Publisher info not found
[04 Jul 2021, 11:06:13.1 pm:ERROR:publisher.cc(763)] Publisher info not found
[04 Jul 2021, 11:06:18.1 pm:ERROR:publisher.cc(763)] Publisher info not found
[04 Jul 2021, 11:06:33.1 pm:ERROR:publisher.cc(763)] Publisher info not found
[04 Jul 2021, 11:06:43.0 pm:ERROR:publisher.cc(763)] Publisher info not found
[04 Jul 2021, 11:07:13.6 pm:ERROR:publisher.cc(763)] Publisher info not found
[04 Jul 2021, 11:07:41.8 pm:ERROR:publisher.cc(763)] Publisher info not found
[04 Jul 2021, 11:08:23.3 pm:ERROR:publisher.cc(763)] Publisher info not found
--------------------------------------------------------------------------------
[05 Jul 2021, 2:36:54.7 am:ERROR:publisher.cc(763)] Publisher info not found
[05 Jul 2021, 2:41:15.3 am:ERROR:publisher.cc(763)] Publisher info not found
[05 Jul 2021, 2:41:15.3 am:ERROR:publisher.cc(763)] Publisher info not found
[05 Jul 2021, 2:41:32.8 am:ERROR:publisher.cc(763)] Publisher info not found
[05 Jul 2021, 2:41:32.8 am:ERROR:publisher.cc(763)] Publisher info not found
[05 Jul 2021, 2:47:33.6 am:ERROR:publisher.cc(763)] Publisher info not found
[05 Jul 2021, 2:47:33.6 am:ERROR:publisher.cc(763)] Publisher info not found
[05 Jul 2021, 2:51:04.8 am:ERROR:publisher.cc(763)] Publisher info not found
[05 Jul 2021, 2:51:04.8 am:ERROR:publisher.cc(763)] Publisher info not found
[05 Jul 2021, 3:02:56.3 am:ERROR:publisher.cc(763)] Publisher info not found
[05 Jul 2021, 3:02:56.3 am:ERROR:publisher.cc(763)] Publisher info not found
[05 Jul 2021, 3:03:09.4 am:ERROR:publisher.cc(763)] Publisher info not found
[05 Jul 2021, 3:03:09.4 am:ERROR:publisher.cc(763)] Publisher info not found
[05 Jul 2021, 3:05:46.1 am:ERROR:publisher.cc(763)] Publisher info not found
[05 Jul 2021, 3:05:46.1 am:ERROR:publisher.cc(763)] Publisher info not found
[05 Jul 2021, 3:09:06.9 am:ERROR:publisher.cc(834)] Failed to retrieve publisher info while updating media duration
[05 Jul 2021, 3:09:07.2 am:ERROR:publisher.cc(763)] Publisher info not found
[05 Jul 2021, 3:09:07.2 am:ERROR:publisher.cc(763)] Publisher info not found
[05 Jul 2021, 3:09:07.2 am:ERROR:publisher.cc(763)] Publisher info not found
[05 Jul 2021, 3:09:07.2 am:ERROR:publisher.cc(763)] Publisher info not found
[05 Jul 2021, 3:10:05.8 am:ERROR:publisher.cc(763)] Publisher info not found
[05 Jul 2021, 3:10:05.8 am:ERROR:publisher.cc(763)] Publisher info not found
[05 Jul 2021, 3:13:32.8 am:ERROR:publisher.cc(763)] Publisher info not found
[05 Jul 2021, 3:13:32.8 am:ERROR:publisher.cc(763)] Publisher info not found
[05 Jul 2021, 3:26:27.0 am:ERROR:publisher.cc(763)] Publisher info not found
[05 Jul 2021, 3:28:12.8 am:ERROR:publisher.cc(834)] Failed to retrieve publisher info while updating media duration
[05 Jul 2021, 3:28:12.8 am:ERROR:publisher.cc(763)] Publisher info not found
[05 Jul 2021, 3:30:11.3 am:ERROR:publisher.cc(763)] Publisher info not found
[05 Jul 2021, 3:31:05.8 am:ERROR:publisher.cc(763)] Publisher info not found
[05 Jul 2021, 3:34:24.4 am:ERROR:publisher.cc(763)] Publisher info not found
[05 Jul 2021, 3:39:13.9 am:ERROR:publisher.cc(763)] Publisher info not found
[05 Jul 2021, 3:42:31.5 am:ERROR:publisher.cc(763)] Publisher info not found
--------------------------------------------------------------------------------
[05 Jul 2021, 7:21:48.2 pm:ERROR:get_available.cc(69)] Unexpected HTTP status: 503
[05 Jul 2021, 7:55:03.5 pm:ERROR:get_available.cc(69)] Unexpected HTTP status: 503
[05 Jul 2021, 8:26:48.1 pm:ERROR:get_available.cc(69)] Unexpected HTTP status: 503
[05 Jul 2021, 8:27:00.6 pm:ERROR:publisher.cc(763)] Publisher info not found
[05 Jul 2021, 8:27:00.6 pm:ERROR:publisher.cc(763)] Publisher info not found
[05 Jul 2021, 8:49:02.6 pm:ERROR:get_available.cc(69)] Unexpected HTTP status: 503
[05 Jul 2021, 8:50:51.0 pm:ERROR:publisher.cc(763)] Publisher info not found
[05 Jul 2021, 8:50:51.7 pm:ERROR:publisher.cc(763)] Publisher info not found
[05 Jul 2021, 8:50:51.7 pm:ERROR:publisher.cc(763)] Publisher info not found
--------------------------------------------------------------------------------
[05 Jul 2021, 9:56:00.1 pm:ERROR:get_available.cc(69)] Unexpected HTTP status: 502
[05 Jul 2021, 10:06:26.4 pm:ERROR:publisher.cc(763)] Publisher info not found
[05 Jul 2021, 10:06:45.7 pm:ERROR:get_available.cc(69)] Unexpected HTTP status: 503
[05 Jul 2021, 10:07:33.1 pm:ERROR:publisher.cc(763)] Publisher info not found
[05 Jul 2021, 10:28:45.9 pm:ERROR:get_available.cc(69)] Unexpected HTTP status: 503
[05 Jul 2021, 11:10:01.3 pm:ERROR:publisher.cc(763)] Publisher info not found
[05 Jul 2021, 11:10:01.3 pm:ERROR:publisher.cc(763)] Publisher info not found
--------------------------------------------------------------------------------
[06 Jul 2021, 2:50:09.1 am:ERROR:publisher.cc(763)] Publisher info not found
[06 Jul 2021, 2:50:58.3 am:ERROR:publisher.cc(763)] Publisher info not found
[06 Jul 2021, 2:52:34.5 am:ERROR:publisher.cc(763)] Publisher info not found
[06 Jul 2021, 2:54:14.0 am:ERROR:publisher.cc(763)] Publisher info not found
[06 Jul 2021, 3:15:31.8 am:ERROR:publisher.cc(763)] Publisher info not found
[06 Jul 2021, 3:19:19.1 am:ERROR:publisher.cc(763)] Publisher info not found
[06 Jul 2021, 3:31:29.2 am:ERROR:publisher.cc(763)] Publisher info not found
[06 Jul 2021, 3:32:26.5 am:ERROR:publisher.cc(763)] Publisher info not found
[06 Jul 2021, 3:35:29.0 am:ERROR:publisher.cc(763)] Publisher info not found
[06 Jul 2021, 3:36:43.4 am:ERROR:publisher.cc(763)] Publisher info not found
[06 Jul 2021, 3:36:59.2 am:ERROR:publisher.cc(763)] Publisher info not found
[06 Jul 2021, 3:37:38.6 am:ERROR:publisher.cc(763)] Publisher info not found
[06 Jul 2021, 3:39:31.0 am:ERROR:publisher.cc(763)] Publisher info not found
[06 Jul 2021, 3:41:00.8 am:ERROR:publisher.cc(834)] Failed to retrieve publisher info while updating media duration
[06 Jul 2021, 3:41:00.9 am:ERROR:publisher.cc(763)] Publisher info not found
--------------------------------------------------------------------------------
[06 Jul 2021, 8:01:26.9 pm:ERROR:publisher.cc(763)] Publisher info not found
[06 Jul 2021, 8:04:43.0 pm:ERROR:publisher.cc(763)] Publisher info not found
[06 Jul 2021, 8:11:47.1 pm:ERROR:publisher.cc(834)] Failed to retrieve publisher info while updating media duration
[06 Jul 2021, 8:11:47.5 pm:ERROR:publisher.cc(763)] Publisher info not found
[06 Jul 2021, 8:32:07.7 pm:ERROR:publisher.cc(763)] Publisher info not found
[06 Jul 2021, 8:58:59.6 pm:ERROR:publisher.cc(763)] Publisher info not found
[06 Jul 2021, 9:08:30.5 pm:ERROR:publisher.cc(763)] Publisher info not found
[06 Jul 2021, 9:31:41.1 pm:ERROR:get_available.cc(69)] Unexpected HTTP status: 503
[06 Jul 2021, 10:32:38.5 pm:ERROR:publisher.cc(763)] Publisher info not found
[06 Jul 2021, 10:35:05.3 pm:ERROR:publisher.cc(763)] Publisher info not found
[06 Jul 2021, 10:36:54.3 pm:ERROR:publisher.cc(763)] Publisher info not found
[06 Jul 2021, 10:37:03.7 pm:ERROR:publisher.cc(763)] Publisher info not found
[06 Jul 2021, 10:37:23.4 pm:ERROR:publisher.cc(763)] Publisher info not found
[06 Jul 2021, 10:56:37.9 pm:ERROR:publisher.cc(763)] Publisher info not found
[06 Jul 2021, 10:57:13.7 pm:ERROR:publisher.cc(763)] Publisher info not found
[06 Jul 2021, 11:19:22.3 pm:ERROR:publisher.cc(834)] Failed to retrieve publisher info while updating media duration
[06 Jul 2021, 11:19:22.9 pm:ERROR:publisher.cc(763)] Publisher info not found
[06 Jul 2021, 11:49:16.5 pm:ERROR:publisher.cc(763)] Publisher info not found
[06 Jul 2021, 11:50:40.2 pm:ERROR:publisher.cc(763)] Publisher info not found
[06 Jul 2021, 11:51:10.7 pm:ERROR:publisher.cc(763)] Publisher info not found
[06 Jul 2021, 11:51:10.7 pm:ERROR:publisher.cc(763)] Publisher info not found
[06 Jul 2021, 11:59:22.9 pm:ERROR:publisher.cc(763)] Publisher info not found
[07 Jul 2021, 12:00:37.7 am:ERROR:publisher.cc(763)] Publisher info not found
[07 Jul 2021, 12:01:58.6 am:ERROR:publisher.cc(763)] Publisher info not found
[07 Jul 2021, 12:02:48.3 am:ERROR:publisher.cc(763)] Publisher info not found
--------------------------------------------------------------------------------
[07 Jul 2021, 2:36:39.8 am:ERROR:publisher.cc(763)] Publisher info not found
[07 Jul 2021, 2:37:28.0 am:ERROR:publisher.cc(763)] Publisher info not found
[07 Jul 2021, 2:38:00.5 am:ERROR:publisher.cc(763)] Publisher info not found
[07 Jul 2021, 2:38:08.3 am:ERROR:publisher.cc(763)] Publisher info not found
[07 Jul 2021, 2:38:23.9 am:ERROR:publisher.cc(763)] Publisher info not found
[07 Jul 2021, 2:38:39.5 am:ERROR:publisher.cc(763)] Publisher info not found
[07 Jul 2021, 2:38:43.1 am:ERROR:publisher.cc(763)] Publisher info not found
[07 Jul 2021, 2:42:15.5 am:ERROR:publisher.cc(763)] Publisher info not found
[07 Jul 2021, 2:49:40.3 am:ERROR:publisher.cc(763)] Publisher info not found
[07 Jul 2021, 3:34:16.2 am:ERROR:publisher.cc(763)] Publisher info not found
[07 Jul 2021, 3:35:29.5 am:ERROR:publisher.cc(763)] Publisher info not found
[07 Jul 2021, 3:36:31.0 am:ERROR:publisher.cc(763)] Publisher info not found
[07 Jul 2021, 3:39:36.2 am:ERROR:publisher.cc(763)] Publisher info not found
--------------------------------------------------------------------------------
[07 Jul 2021, 10:33:12.4 pm:ERROR:publisher.cc(763)] Publisher info not found
[07 Jul 2021, 10:33:12.4 pm:ERROR:publisher.cc(763)] Publisher info not found
[07 Jul 2021, 10:34:39.1 pm:ERROR:publisher.cc(763)] Publisher info not found
[07 Jul 2021, 10:34:39.1 pm:ERROR:publisher.cc(763)] Publisher info not found
[07 Jul 2021, 10:38:48.5 pm:ERROR:publisher.cc(763)] Publisher info not found
[07 Jul 2021, 10:38:48.5 pm:ERROR:publisher.cc(763)] Publisher info not found
[07 Jul 2021, 10:38:48.5 pm:ERROR:publisher.cc(763)] Publisher info not found
[07 Jul 2021, 11:07:22.4 pm:ERROR:publisher.cc(763)] Publisher info not found
[07 Jul 2021, 11:36:24.2 pm:ERROR:publisher.cc(763)] Publisher info not found
[07 Jul 2021, 11:38:31.2 pm:ERROR:publisher.cc(763)] Publisher info not found
--------------------------------------------------------------------------------
[08 Jul 2021, 2:12:06.5 am:ERROR:publisher.cc(763)] Publisher info not found
[08 Jul 2021, 2:12:33.5 am:ERROR:publisher.cc(763)] Publisher info not found
[08 Jul 2021, 2:12:41.9 am:ERROR:publisher.cc(763)] Publisher info not found
[08 Jul 2021, 2:13:11.1 am:ERROR:publisher.cc(763)] Publisher info not found
--------------------------------------------------------------------------------
[09 Jul 2021, 2:34:23.2 am:ERROR:refill_unblinded_tokens.cc(189)] Failed to get signed tokens
[09 Jul 2021, 2:38:32.2 am:ERROR:publisher.cc(763)] Publisher info not found
[09 Jul 2021, 3:45:33.6 am:ERROR:publisher.cc(763)] Publisher info not found
[09 Jul 2021, 3:45:33.6 am:ERROR:publisher.cc(763)] Publisher info not found
[09 Jul 2021, 4:04:40.9 am:ERROR:publisher.cc(763)] Publisher info not found
[09 Jul 2021, 4:04:40.9 am:ERROR:publisher.cc(763)] Publisher info not found
--------------------------------------------------------------------------------
[09 Jul 2021, 7:45:28.5 pm:ERROR:put_captcha.cc(55)] Invalid solution
[09 Jul 2021, 7:45:28.5 pm:ERROR:attestation_desktop.cc(154)] Failed to confirm attestation
[09 Jul 2021, 7:45:28.5 pm:ERROR:promotion.cc(373)] Attestation failed CAPTCHA_FAILED
[09 Jul 2021, 7:45:34.5 pm:ERROR:put_captcha.cc(55)] Invalid solution
[09 Jul 2021, 7:45:34.5 pm:ERROR:attestation_desktop.cc(154)] Failed to confirm attestation
[09 Jul 2021, 7:45:34.5 pm:ERROR:promotion.cc(373)] Attestation failed CAPTCHA_FAILED
[09 Jul 2021, 7:45:42.3 pm:ERROR:put_captcha.cc(55)] Invalid solution
[09 Jul 2021, 7:45:42.3 pm:ERROR:attestation_desktop.cc(154)] Failed to confirm attestation
[09 Jul 2021, 7:45:42.3 pm:ERROR:promotion.cc(373)] Attestation failed CAPTCHA_FAILED
[09 Jul 2021, 7:49:34.7 pm:ERROR:publisher.cc(763)] Publisher info not found
--------------------------------------------------------------------------------
[10 Jul 2021, 10:01:30.6 am:ERROR:publisher.cc(763)] Publisher info not found
--------------------------------------------------------------------------------
[10 Jul 2021, 8:48:34.8 pm:ERROR:get_parameters.cc(53)] Unexpected HTTP status: -1
[10 Jul 2021, 8:48:35.9 pm:ERROR:get_available.cc(69)] Unexpected HTTP status: -1
--------------------------------------------------------------------------------
[12 Jul 2021, 10:36:42.4 pm:ERROR:get_available.cc(69)] Unexpected HTTP status: 503
[12 Jul 2021, 10:40:55.6 pm:ERROR:ad_rewards.cc(280)] Payment balance is not ready
[12 Jul 2021, 10:47:14.0 pm:ERROR:get_available.cc(69)] Unexpected HTTP status: 504
[12 Jul 2021, 10:51:06.2 pm:ERROR:ad_rewards.cc(280)] Payment balance is not ready
[12 Jul 2021, 10:58:19.5 pm:ERROR:get_available.cc(69)] Unexpected HTTP status: 503
[12 Jul 2021, 11:07:19.9 pm:ERROR:ad_rewards.cc(280)] Payment balance is not ready
[12 Jul 2021, 11:09:14.2 pm:ERROR:get_available.cc(69)] Unexpected HTTP status: 504
[12 Jul 2021, 11:20:34.6 pm:ERROR:get_available.cc(69)] Unexpected HTTP status: 503
[12 Jul 2021, 11:30:56.7 pm:ERROR:ad_rewards.cc(280)] Payment balance is not ready
[12 Jul 2021, 11:31:30.0 pm:ERROR:get_available.cc(69)] Unexpected HTTP status: 504
[12 Jul 2021, 11:42:34.8 pm:ERROR:get_available.cc(69)] Unexpected HTTP status: 503
[12 Jul 2021, 11:53:29.3 pm:ERROR:get_available.cc(69)] Unexpected HTTP status: 504
[13 Jul 2021, 12:04:19.5 am:ERROR:get_available.cc(69)] Unexpected HTTP status: 503
[13 Jul 2021, 12:15:14.6 am:ERROR:get_available.cc(69)] Unexpected HTTP status: 504
[13 Jul 2021, 12:22:19.2 am:ERROR:ad_rewards.cc(280)] Payment balance is not ready
[13 Jul 2021, 12:26:19.5 am:ERROR:get_available.cc(69)] Unexpected HTTP status: 503
[13 Jul 2021, 12:35:33.9 am:ERROR:ad_rewards.cc(280)] Payment balance is not ready
[13 Jul 2021, 12:37:34.5 am:ERROR:get_available.cc(69)] Unexpected HTTP status: 503
[13 Jul 2021, 12:48:34.0 am:ERROR:get_available.cc(69)] Unexpected HTTP status: 503
[13 Jul 2021, 12:59:19.4 am:ERROR:get_available.cc(69)] Unexpected HTTP status: 503
[13 Jul 2021, 1:10:14.9 am:ERROR:get_available.cc(69)] Unexpected HTTP status: 504
[13 Jul 2021, 1:21:19.8 am:ERROR:get_available.cc(69)] Unexpected HTTP status: 503
--------------------------------------------------------------------------------
[13 Jul 2021, 8:35:05.1 pm:ERROR:ad_rewards.cc(280)] Payment balance is not ready
[13 Jul 2021, 8:35:11.5 pm:ERROR:ad_rewards.cc(280)] Payment balance is not ready
--------------------------------------------------------------------------------
[14 Jul 2021, 1:33:17.0 am:ERROR:ad_rewards.cc(280)] Payment balance is not ready
[14 Jul 2021, 1:34:21.8 am:ERROR:publisher.cc(763)] Publisher info not found
[14 Jul 2021, 1:34:34.4 am:ERROR:ad_rewards.cc(280)] Payment balance is not ready
[14 Jul 2021, 1:36:00.3 am:ERROR:publisher.cc(763)] Publisher info not found
[14 Jul 2021, 1:36:10.4 am:ERROR:publisher.cc(763)] Publisher info not found
[14 Jul 2021, 1:36:16.4 am:ERROR:publisher.cc(763)] Publisher info not found
[14 Jul 2021, 1:36:24.0 am:ERROR:publisher.cc(763)] Publisher info not found
[14 Jul 2021, 1:39:49.8 am:ERROR:ad_rewards.cc(280)] Payment balance is not ready
[14 Jul 2021, 1:39:54.0 am:ERROR:publisher.cc(763)] Publisher info not found
[14 Jul 2021, 1:40:02.2 am:ERROR:ad_rewards.cc(280)] Payment balance is not ready
[14 Jul 2021, 1:40:07.9 am:ERROR:ad_rewards.cc(280)] Payment balance is not ready
--------------------------------------------------------------------------------
[14 Jul 2021, 2:34:20.6 am:ERROR:ad_rewards.cc(280)] Payment balance is not ready
[14 Jul 2021, 2:34:44.0 am:ERROR:ad_rewards.cc(280)] Payment balance is not ready
[14 Jul 2021, 2:35:12.4 am:ERROR:ad_rewards.cc(280)] Payment balance is not ready
[14 Jul 2021, 2:42:08.9 am:ERROR:publisher.cc(763)] Publisher info not found
--------------------------------------------------------------------------------
[15 Jul 2021, 1:05:57.8 am:ERROR:ad_rewards.cc(280)] Payment balance is not ready
[15 Jul 2021, 1:07:58.8 am:ERROR:ad_rewards.cc(280)] Payment balance is not ready
[15 Jul 2021, 1:09:14.2 am:ERROR:ad_rewards.cc(280)] Payment balance is not ready
[15 Jul 2021, 1:09:45.3 am:ERROR:ad_rewards.cc(280)] Payment balance is not ready
[15 Jul 2021, 1:12:29.7 am:ERROR:ad_rewards.cc(280)] Payment balance is not ready
[15 Jul 2021, 1:16:23.9 am:ERROR:publisher.cc(763)] Publisher info not found
[15 Jul 2021, 1:17:59.4 am:ERROR:publisher.cc(763)] Publisher info not found
[15 Jul 2021, 1:19:02.6 am:ERROR:publisher.cc(763)] Publisher info not found
[15 Jul 2021, 1:29:58.6 am:ERROR:publisher.cc(763)] Publisher info not found
[15 Jul 2021, 1:32:42.3 am:ERROR:publisher.cc(763)] Publisher info not found
[15 Jul 2021, 1:35:13.7 am:ERROR:publisher.cc(763)] Publisher info not found
[15 Jul 2021, 1:35:47.2 am:ERROR:publisher.cc(763)] Publisher info not found
[15 Jul 2021, 1:36:21.1 am:ERROR:publisher.cc(763)] Publisher info not found
[15 Jul 2021, 1:36:59.6 am:ERROR:publisher.cc(763)] Publisher info not found
[15 Jul 2021, 1:38:49.3 am:ERROR:publisher.cc(763)] Publisher info not found
[15 Jul 2021, 1:41:01.3 am:ERROR:ad_rewards.cc(280)] Payment balance is not ready
[15 Jul 2021, 1:47:09.2 am:ERROR:publisher.cc(763)] Publisher info not found
[15 Jul 2021, 1:51:42.4 am:ERROR:publisher.cc(763)] Publisher info not found
[15 Jul 2021, 2:11:34.4 am:ERROR:publisher.cc(763)] Publisher info not found
--------------------------------------------------------------------------------
[15 Jul 2021, 11:06:56.5 pm:ERROR:ad_rewards.cc(280)] Payment balance is not ready
[15 Jul 2021, 11:07:10.4 pm:ERROR:ad_rewards.cc(280)] Payment balance is not ready
[15 Jul 2021, 11:07:58.8 pm:ERROR:ad_rewards.cc(280)] Payment balance is not ready
[15 Jul 2021, 11:08:52.2 pm:ERROR:ad_rewards.cc(280)] Payment balance is not ready
[15 Jul 2021, 11:15:28.5 pm:ERROR:publisher.cc(763)] Publisher info not found
[15 Jul 2021, 11:22:51.9 pm:ERROR:ad_rewards.cc(280)] Payment balance is not ready
[15 Jul 2021, 11:26:38.3 pm:ERROR:ad_rewards.cc(280)] Payment balance is not ready
[15 Jul 2021, 11:57:16.0 pm:ERROR:ad_rewards.cc(280)] Payment balance is not ready
[15 Jul 2021, 11:58:51.4 pm:ERROR:ad_rewards.cc(280)] Payment balance is not ready
[16 Jul 2021, 12:05:41.6 am:ERROR:publisher.cc(763)] Publisher info not found
[16 Jul 2021, 12:06:03.2 am:ERROR:publisher.cc(763)] Publisher info not found
[16 Jul 2021, 12:08:19.9 am:ERROR:ad_rewards.cc(280)] Payment balance is not ready
[16 Jul 2021, 12:08:49.3 am:ERROR:publisher.cc(763)] Publisher info not found
[16 Jul 2021, 12:09:16.0 am:ERROR:publisher.cc(763)] Publisher info not found
[16 Jul 2021, 12:14:12.8 am:ERROR:publisher.cc(763)] Publisher info not found
[16 Jul 2021, 12:27:16.2 am:ERROR:publisher.cc(763)] Publisher info not found
[16 Jul 2021, 12:33:09.6 am:ERROR:ad_rewards.cc(280)] Payment balance is not ready
[16 Jul 2021, 12:40:10.2 am:ERROR:publisher.cc(763)] Publisher info not found
[16 Jul 2021, 12:41:12.1 am:ERROR:publisher.cc(763)] Publisher info not found
[16 Jul 2021, 12:42:26.5 am:ERROR:publisher.cc(763)] Publisher info not found
--------------------------------------------------------------------------------
[16 Jul 2021, 2:15:13.2 pm:ERROR:ad_rewards.cc(280)] Payment balance is not ready
[16 Jul 2021, 2:17:43.4 pm:ERROR:ad_rewards.cc(280)] Payment balance is not ready
[16 Jul 2021, 2:17:44.8 pm:ERROR:ad_rewards.cc(280)] Payment balance is not ready
[16 Jul 2021, 2:17:59.2 pm:ERROR:ad_rewards.cc(280)] Payment balance is not ready
[16 Jul 2021, 2:20:05.2 pm:ERROR:publisher.cc(763)] Publisher info not found
[16 Jul 2021, 2:20:05.2 pm:ERROR:publisher.cc(763)] Publisher info not found
[16 Jul 2021, 2:20:14.7 pm:ERROR:ad_rewards.cc(280)] Payment balance is not ready
[16 Jul 2021, 2:27:18.4 pm:ERROR:publisher.cc(763)] Publisher info not found
[16 Jul 2021, 2:27:21.1 pm:ERROR:publisher.cc(763)] Publisher info not found
[16 Jul 2021, 2:27:21.1 pm:ERROR:publisher.cc(763)] Publisher info not found
[16 Jul 2021, 2:27:24.4 pm:ERROR:publisher.cc(763)] Publisher info not found
[16 Jul 2021, 2:27:40.0 pm:ERROR:publisher.cc(763)] Publisher info not found
[16 Jul 2021, 2:31:23.4 pm:ERROR:publisher.cc(763)] Publisher info not found
[16 Jul 2021, 2:56:26.3 pm:ERROR:publisher.cc(763)] Publisher info not found
[16 Jul 2021, 2:56:26.3 pm:ERROR:publisher.cc(763)] Publisher info not found
[16 Jul 2021, 2:56:52.3 pm:ERROR:publisher.cc(763)] Publisher info not found
[16 Jul 2021, 2:56:52.3 pm:ERROR:publisher.cc(763)] Publisher info not found
[16 Jul 2021, 2:57:50.4 pm:ERROR:publisher.cc(763)] Publisher info not found
[16 Jul 2021, 2:57:50.4 pm:ERROR:publisher.cc(763)] Publisher info not found
[16 Jul 2021, 3:03:43.2 pm:ERROR:publisher.cc(763)] Publisher info not found
[16 Jul 2021, 3:04:39.7 pm:ERROR:publisher.cc(763)] Publisher info not found
[16 Jul 2021, 3:14:24.8 pm:ERROR:publisher.cc(763)] Publisher info not found
--------------------------------------------------------------------------------
[18 Jul 2021, 10:13:26.7 am:ERROR:ad_rewards.cc(280)] Payment balance is not ready
[18 Jul 2021, 10:15:16.2 am:ERROR:ad_rewards.cc(280)] Payment balance is not ready
[18 Jul 2021, 10:15:30.7 am:ERROR:ad_rewards.cc(280)] Payment balance is not ready
[18 Jul 2021, 10:20:19.1 am:ERROR:ad_rewards.cc(280)] Payment balance is not ready
[18 Jul 2021, 10:36:35.7 am:ERROR:ad_rewards.cc(280)] Payment balance is not ready
[18 Jul 2021, 10:38:01.1 am:ERROR:ad_rewards.cc(280)] Payment balance is not ready
[18 Jul 2021, 11:28:41.5 am:ERROR:ad_rewards.cc(280)] Payment balance is not ready
[18 Jul 2021, 11:33:32.9 am:ERROR:ad_rewards.cc(280)] Payment balance is not ready
[18 Jul 2021, 12:32:14.5 pm:ERROR:ad_rewards.cc(280)] Payment balance is not ready
[18 Jul 2021, 1:28:21.1 pm:ERROR:ad_rewards.cc(280)] Payment balance is not ready
[18 Jul 2021, 1:40:49.8 pm:ERROR:ad_rewards.cc(280)] Payment balance is not ready
[18 Jul 2021, 2:30:38.3 pm:ERROR:ad_rewards.cc(280)] Payment balance is not ready
[18 Jul 2021, 2:38:25.7 pm:ERROR:ad_rewards.cc(280)] Payment balance is not ready
[18 Jul 2021, 3:13:45.4 pm:ERROR:ad_rewards.cc(280)] Payment balance is not ready
[18 Jul 2021, 3:53:15.2 pm:ERROR:ad_rewards.cc(280)] Payment balance is not ready
[18 Jul 2021, 5:12:42.7 pm:ERROR:ad_rewards.cc(280)] Payment balance is not ready
[18 Jul 2021, 5:30:15.3 pm:ERROR:ad_rewards.cc(280)] Payment balance is not ready
--------------------------------------------------------------------------------
[18 Jul 2021, 6:14:21.0 pm:ERROR:ad_rewards.cc(280)] Payment balance is not ready
[18 Jul 2021, 6:16:11.3 pm:ERROR:ad_rewards.cc(280)] Payment balance is not ready
[18 Jul 2021, 6:17:08.7 pm:ERROR:ad_rewards.cc(280)] Payment balance is not ready
[18 Jul 2021, 6:18:35.1 pm:ERROR:ad_rewards.cc(280)] Payment balance is not ready
[18 Jul 2021, 6:20:43.0 pm:ERROR:publisher.cc(763)] Publisher info not found
--------------------------------------------------------------------------------
[19 Jul 2021, 11:34:39.2 am:ERROR:ad_rewards.cc(280)] Payment balance is not ready
[19 Jul 2021, 11:37:15.6 am:ERROR:ad_rewards.cc(280)] Payment balance is not ready
[19 Jul 2021, 11:37:48.9 am:ERROR:ad_rewards.cc(280)] Payment balance is not ready
[19 Jul 2021, 11:51:14.6 am:ERROR:ad_rewards.cc(280)] Payment balance is not ready
[19 Jul 2021, 11:52:30.0 am:ERROR:ad_rewards.cc(280)] Payment balance is not ready
[19 Jul 2021, 12:08:10.5 pm:ERROR:ad_rewards.cc(280)] Payment balance is not ready
[19 Jul 2021, 12:34:27.1 pm:ERROR:ad_rewards.cc(280)] Payment balance is not ready
[19 Jul 2021, 1:17:43.7 pm:ERROR:ad_rewards.cc(280)] Payment balance is not ready
--------------------------------------------------------------------------------
[19 Jul 2021, 3:31:52.0 pm:ERROR:ad_rewards.cc(280)] Payment balance is not ready
[19 Jul 2021, 3:31:54.3 pm:ERROR:ad_rewards.cc(280)] Payment balance is not ready
[19 Jul 2021, 3:32:29.7 pm:ERROR:ad_rewards.cc(280)] Payment balance is not ready
[19 Jul 2021, 3:34:45.1 pm:ERROR:ad_rewards.cc(280)] Payment balance is not ready
[19 Jul 2021, 3:34:48.5 pm:ERROR:ad_rewards.cc(280)] Payment balance is not ready
[19 Jul 2021, 3:49:27.0 pm:ERROR:ad_rewards.cc(280)] Payment balance is not ready
[19 Jul 2021, 4:02:17.6 pm:ERROR:publisher.cc(834)] Failed to retrieve publisher info while updating media duration
[19 Jul 2021, 4:02:18.1 pm:ERROR:publisher.cc(763)] Publisher info not found
[19 Jul 2021, 4:06:19.7 pm:ERROR:publisher.cc(763)] Publisher info not found
[19 Jul 2021, 4:17:49.1 pm:ERROR:publisher.cc(763)] Publisher info not found
[19 Jul 2021, 4:29:55.2 pm:ERROR:publisher.cc(763)] Publisher info not found
[19 Jul 2021, 4:31:54.1 pm:ERROR:publisher.cc(763)] Publisher info not found
[19 Jul 2021, 4:35:01.6 pm:ERROR:publisher.cc(763)] Publisher info not found
[19 Jul 2021, 4:40:28.9 pm:ERROR:publisher.cc(763)] Publisher info not found
[19 Jul 2021, 4:40:50.6 pm:ERROR:publisher.cc(763)] Publisher info not found
[19 Jul 2021, 4:41:57.2 pm:ERROR:publisher.cc(834)] Failed to retrieve publisher info while updating media duration
[19 Jul 2021, 4:41:57.4 pm:ERROR:publisher.cc(763)] Publisher info not found
[19 Jul 2021, 5:01:39.5 pm:ERROR:ad_rewards.cc(280)] Payment balance is not ready
[19 Jul 2021, 6:12:07.1 pm:ERROR:ad_rewards.cc(280)] Payment balance is not ready
[19 Jul 2021, 6:29:08.7 pm:ERROR:ad_rewards.cc(280)] Payment balance is not ready
[19 Jul 2021, 7:22:49.5 pm:ERROR:ad_rewards.cc(280)] Payment balance is not ready
[19 Jul 2021, 7:52:58.0 pm:ERROR:ad_rewards.cc(280)] Payment balance is not ready
[19 Jul 2021, 8:58:14.9 pm:ERROR:ad_rewards.cc(280)] Payment balance is not ready
[19 Jul 2021, 10:42:42.4 pm:ERROR:ad_rewards.cc(280)] Payment balance is not ready
--------------------------------------------------------------------------------
[21 Jul 2021, 1:22:30.9 am:ERROR:ad_rewards.cc(280)] Payment balance is not ready
[21 Jul 2021, 1:24:00.6 am:ERROR:ad_rewards.cc(280)] Payment balance is not ready
[21 Jul 2021, 1:24:05.1 am:ERROR:ad_rewards.cc(280)] Payment balance is not ready
[21 Jul 2021, 1:30:11.6 am:ERROR:ad_rewards.cc(280)] Payment balance is not ready
[21 Jul 2021, 1:34:50.0 am:ERROR:ad_rewards.cc(280)] Payment balance is not ready
[21 Jul 2021, 1:39:27.6 am:ERROR:publisher.cc(763)] Publisher info not found
[21 Jul 2021, 1:39:27.6 am:ERROR:publisher.cc(763)] Publisher info not found
--------------------------------------------------------------------------------
[21 Jul 2021, 1:44:42.4 am:ERROR:ad_rewards.cc(280)] Payment balance is not ready
[21 Jul 2021, 1:44:51.8 am:ERROR:ad_rewards.cc(280)] Payment balance is not ready
[21 Jul 2021, 1:47:29.2 am:ERROR:ad_rewards.cc(280)] Payment balance is not ready
[21 Jul 2021, 1:47:45.3 am:ERROR:publisher.cc(763)] Publisher info not found
[21 Jul 2021, 1:47:45.3 am:ERROR:publisher.cc(763)] Publisher info not found
[21 Jul 2021, 1:48:10.3 am:ERROR:publisher.cc(763)] Publisher info not found
[21 Jul 2021, 1:48:10.3 am:ERROR:publisher.cc(763)] Publisher info not found
[21 Jul 2021, 1:49:02.3 am:ERROR:publisher.cc(763)] Publisher info not found
[21 Jul 2021, 1:49:02.3 am:ERROR:publisher.cc(763)] Publisher info not found
[21 Jul 2021, 1:51:38.2 am:ERROR:ad_rewards.cc(280)] Payment balance is not ready
[21 Jul 2021, 1:54:04.3 am:ERROR:publisher.cc(763)] Publisher info not found
[21 Jul 2021, 1:55:53.9 am:ERROR:ad_rewards.cc(280)] Payment balance is not ready
[21 Jul 2021, 2:07:44.4 am:ERROR:ad_rewards.cc(280)] Payment balance is not ready
[21 Jul 2021, 2:11:07.8 am:ERROR:ad_rewards.cc(280)] Payment balance is not ready
[21 Jul 2021, 2:35:57.3 am:ERROR:publisher.cc(763)] Publisher info not found
[21 Jul 2021, 2:35:57.3 am:ERROR:publisher.cc(763)] Publisher info not found
[21 Jul 2021, 2:36:35.9 am:ERROR:publisher.cc(763)] Publisher info not found
[21 Jul 2021, 2:38:54.2 am:ERROR:publisher.cc(763)] Publisher info not found
[21 Jul 2021, 2:41:06.4 am:ERROR:publisher.cc(763)] Publisher info not found
[21 Jul 2021, 2:50:15.0 am:ERROR:publisher.cc(763)] Publisher info not found
[21 Jul 2021, 3:00:50.4 am:ERROR:ad_rewards.cc(280)] Payment balance is not ready
--------------------------------------------------------------------------------
[21 Jul 2021, 3:45:53.6 pm:ERROR:ad_rewards.cc(280)] Payment balance is not ready
[21 Jul 2021, 3:46:08.0 pm:ERROR:ad_rewards.cc(280)] Payment balance is not ready
[21 Jul 2021, 3:47:46.4 pm:ERROR:ad_rewards.cc(280)] Payment balance is not ready
[21 Jul 2021, 3:49:58.8 pm:ERROR:ad_rewards.cc(280)] Payment balance is not ready
[21 Jul 2021, 3:59:27.2 pm:ERROR:ad_rewards.cc(280)] Payment balance is not ready
[21 Jul 2021, 4:11:28.1 pm:ERROR:publisher.cc(763)] Publisher info not found
[21 Jul 2021, 4:15:00.9 pm:ERROR:publisher.cc(763)] Publisher info not found
[21 Jul 2021, 4:15:00.9 pm:ERROR:publisher.cc(763)] Publisher info not found
[21 Jul 2021, 4:18:58.8 pm:ERROR:ad_rewards.cc(280)] Payment balance is not ready
[21 Jul 2021, 4:22:40.0 pm:ERROR:publisher.cc(763)] Publisher info not found
[21 Jul 2021, 4:22:40.0 pm:ERROR:publisher.cc(763)] Publisher info not found
[21 Jul 2021, 4:22:55.8 pm:ERROR:publisher.cc(763)] Publisher info not found
[21 Jul 2021, 4:22:55.8 pm:ERROR:publisher.cc(763)] Publisher info not found
[21 Jul 2021, 4:23:48.2 pm:ERROR:publisher.cc(763)] Publisher info not found
[21 Jul 2021, 4:23:48.2 pm:ERROR:publisher.cc(763)] Publisher info not found
[21 Jul 2021, 5:10:52.1 pm:ERROR:publisher.cc(763)] Publisher info not found
[21 Jul 2021, 5:12:38.9 pm:ERROR:publisher.cc(763)] Publisher info not found
[21 Jul 2021, 5:37:46.5 pm:ERROR:ad_rewards.cc(280)] Payment balance is not ready
--------------------------------------------------------------------------------
[21 Jul 2021, 8:05:48.5 pm:ERROR:ad_rewards.cc(280)] Payment balance is not ready
[21 Jul 2021, 8:06:24.0 pm:ERROR:ad_rewards.cc(280)] Payment balance is not ready
--------------------------------------------------------------------------------
[21 Jul 2021, 8:07:05.5 pm:ERROR:ad_rewards.cc(280)] Payment balance is not ready
[21 Jul 2021, 8:07:43.9 pm:ERROR:ad_rewards.cc(280)] Payment balance is not ready
[21 Jul 2021, 8:10:10.3 pm:ERROR:ad_rewards.cc(280)] Payment balance is not ready
[21 Jul 2021, 8:10:50.7 pm:ERROR:ad_rewards.cc(280)] Payment balance is not ready
[21 Jul 2021, 8:16:24.1 pm:ERROR:ad_rewards.cc(280)] Payment balance is not ready
[21 Jul 2021, 8:19:56.7 pm:ERROR:ad_rewards.cc(280)] Payment balance is not ready
--------------------------------------------------------------------------------
[22 Jul 2021, 10:13:01.1 am:ERROR:ad_rewards.cc(280)] Payment balance is not ready
[22 Jul 2021, 10:14:48.0 am:ERROR:ad_rewards.cc(280)] Payment balance is not ready
[22 Jul 2021, 10:15:02.4 am:ERROR:ad_rewards.cc(280)] Payment balance is not ready
[22 Jul 2021, 10:29:55.9 am:ERROR:ad_rewards.cc(280)] Payment balance is not ready
[22 Jul 2021, 10:32:51.4 am:ERROR:ad_rewards.cc(280)] Payment balance is not ready
[22 Jul 2021, 10:36:12.8 am:ERROR:ad_rewards.cc(280)] Payment balance is not ready
[22 Jul 2021, 11:18:51.4 am:ERROR:ad_rewards.cc(280)] Payment balance is not ready
[22 Jul 2021, 11:28:34.8 am:ERROR:ad_rewards.cc(280)] Payment balance is not ready
--------------------------------------------------------------------------------
[22 Jul 2021, 12:44:57.7 pm:ERROR:ad_rewards.cc(280)] Payment balance is not ready
[22 Jul 2021, 12:45:45.1 pm:ERROR:ad_rewards.cc(280)] Payment balance is not ready
[22 Jul 2021, 12:46:22.6 pm:ERROR:ad_rewards.cc(280)] Payment balance is not ready
[22 Jul 2021, 12:49:51.0 pm:ERROR:ad_rewards.cc(280)] Payment balance is not ready
[22 Jul 2021, 12:50:19.3 pm:ERROR:ad_rewards.cc(280)] Payment balance is not ready
[22 Jul 2021, 1:20:50.5 pm:ERROR:ad_rewards.cc(280)] Payment balance is not ready
[22 Jul 2021, 1:40:02.1 pm:ERROR:ad_rewards.cc(280)] Payment balance is not ready
[22 Jul 2021, 1:41:57.5 pm:ERROR:ad_rewards.cc(280)] Payment balance is not ready
[22 Jul 2021, 3:15:20.9 pm:ERROR:ad_rewards.cc(280)] Payment balance is not ready
[22 Jul 2021, 3:52:31.6 pm:ERROR:ad_rewards.cc(280)] Payment balance is not ready
[22 Jul 2021, 3:53:35.0 pm:ERROR:ad_rewards.cc(280)] Payment balance is not ready
[22 Jul 2021, 4:21:35.7 pm:ERROR:ad_rewards.cc(280)] Payment balance is not ready
[22 Jul 2021, 4:28:38.1 pm:ERROR:ad_rewards.cc(280)] Payment balance is not ready
[22 Jul 2021, 5:30:51.4 pm:ERROR:publisher.cc(763)] Publisher info not found
[22 Jul 2021, 5:31:13.2 pm:ERROR:publisher.cc(763)] Publisher info not found
[22 Jul 2021, 5:31:53.5 pm:ERROR:publisher.cc(763)] Publisher info not found
[22 Jul 2021, 6:31:56.8 pm:ERROR:ad_rewards.cc(280)] Payment balance is not ready
[22 Jul 2021, 7:46:08.6 pm:ERROR:ad_rewards.cc(280)] Payment balance is not ready
[22 Jul 2021, 8:20:29.2 pm:ERROR:ad_rewards.cc(280)] Payment balance is not ready
[22 Jul 2021, 9:09:17.8 pm:ERROR:ad_rewards.cc(280)] Payment balance is not ready
[22 Jul 2021, 9:39:55.4 pm:ERROR:ad_rewards.cc(280)] Payment balance is not ready
[22 Jul 2021, 9:50:53.1 pm:ERROR:publisher.cc(763)] Publisher info not found
--------------------------------------------------------------------------------
[23 Jul 2021, 6:43:46.0 am:ERROR:ad_rewards.cc(280)] Payment balance is not ready
[23 Jul 2021, 6:44:09.4 am:ERROR:ad_rewards.cc(280)] Payment balance is not ready
[23 Jul 2021, 6:45:31.8 am:ERROR:ad_rewards.cc(280)] Payment balance is not ready
[23 Jul 2021, 6:49:50.5 am:ERROR:publisher.cc(763)] Publisher info not found
[23 Jul 2021, 6:59:30.2 am:ERROR:ad_rewards.cc(280)] Payment balance is not ready
[23 Jul 2021, 7:06:31.7 am:ERROR:ad_rewards.cc(280)] Payment balance is not ready
[23 Jul 2021, 7:07:38.2 am:ERROR:publisher.cc(834)] Failed to retrieve publisher info while updating media duration
[23 Jul 2021, 7:07:38.3 am:ERROR:publisher.cc(763)] Publisher info not found
[23 Jul 2021, 7:11:15.1 am:ERROR:ad_rewards.cc(280)] Payment balance is not ready
[23 Jul 2021, 7:32:18.7 am:ERROR:publisher.cc(763)] Publisher info not found
[23 Jul 2021, 7:46:08.5 am:ERROR:ad_rewards.cc(280)] Payment balance is not ready
[23 Jul 2021, 9:18:22.0 am:ERROR:ad_rewards.cc(280)] Payment balance is not ready
[23 Jul 2021, 10:22:38.6 am:ERROR:ad_rewards.cc(280)] Payment balance is not ready
[23 Jul 2021, 10:34:56.7 am:ERROR:publisher.cc(763)] Publisher info not found
[23 Jul 2021, 11:03:46.4 am:ERROR:publisher.cc(763)] Publisher info not found
[23 Jul 2021, 11:05:25.5 am:ERROR:publisher.cc(763)] Publisher info not found
[23 Jul 2021, 11:38:27.1 am:ERROR:publisher.cc(763)] Publisher info not found
[23 Jul 2021, 12:03:43.9 pm:ERROR:publisher.cc(763)] Publisher info not found
[23 Jul 2021, 12:04:53.3 pm:ERROR:publisher.cc(763)] Publisher info not found
[23 Jul 2021, 12:14:11.2 pm:ERROR:ad_rewards.cc(280)] Payment balance is not ready
[23 Jul 2021, 1:07:52.1 pm:ERROR:publisher.cc(763)] Publisher info not found
[23 Jul 2021, 2:48:24.7 pm:ERROR:ad_rewards.cc(280)] Payment balance is not ready
[23 Jul 2021, 2:51:18.2 pm:ERROR:ad_rewards.cc(280)] Payment balance is not ready
--------------------------------------------------------------------------------
[23 Jul 2021, 4:11:31.8 pm:ERROR:ad_rewards.cc(280)] Payment balance is not ready
[23 Jul 2021, 4:13:25.6 pm:ERROR:ad_rewards.cc(280)] Payment balance is not ready
[23 Jul 2021, 4:14:40.0 pm:ERROR:ad_rewards.cc(280)] Payment balance is not ready
[23 Jul 2021, 4:17:28.4 pm:ERROR:ad_rewards.cc(280)] Payment balance is not ready
--------------------------------------------------------------------------------
[24 Jul 2021, 9:41:43.4 am:ERROR:ad_rewards.cc(280)] Payment balance is not ready
[24 Jul 2021, 9:42:17.8 am:ERROR:ad_rewards.cc(280)] Payment balance is not ready
[24 Jul 2021, 9:42:30.1 am:ERROR:ad_rewards.cc(280)] Payment balance is not ready
[24 Jul 2021, 9:44:06.6 am:ERROR:ad_rewards.cc(280)] Payment balance is not ready
[24 Jul 2021, 10:02:00.8 am:ERROR:publisher.cc(763)] Publisher info not found
[24 Jul 2021, 10:04:18.9 am:ERROR:ad_rewards.cc(280)] Payment balance is not ready
[24 Jul 2021, 10:14:17.1 am:ERROR:publisher.cc(763)] Publisher info not found
[24 Jul 2021, 10:37:40.5 am:ERROR:ad_rewards.cc(280)] Payment balance is not ready
[24 Jul 2021, 11:21:40.9 am:ERROR:ad_rewards.cc(280)] Payment balance is not ready
[24 Jul 2021, 11:50:40.5 am:ERROR:ad_rewards.cc(280)] Payment balance is not ready
[24 Jul 2021, 11:59:58.8 am:ERROR:publisher.cc(763)] Publisher info not found
[24 Jul 2021, 1:18:13.3 pm:ERROR:publisher.cc(763)] Publisher info not found
[24 Jul 2021, 3:17:36.0 pm:ERROR:publisher.cc(763)] Publisher info not found
[24 Jul 2021, 4:18:44.0 pm:ERROR:ad_rewards.cc(280)] Payment balance is not ready
[24 Jul 2021, 4:29:01.5 pm:ERROR:ad_rewards.cc(280)] Payment balance is not ready
[24 Jul 2021, 5:05:37.7 pm:ERROR:publisher.cc(763)] Publisher info not found
[24 Jul 2021, 5:19:35.1 pm:ERROR:ad_rewards.cc(280)] Payment balance is not ready
--------------------------------------------------------------------------------
[24 Jul 2021, 7:10:57.3 pm:ERROR:ad_rewards.cc(280)] Payment balance is not ready
[24 Jul 2021, 7:11:10.0 pm:ERROR:ad_rewards.cc(280)] Payment balance is not ready
[24 Jul 2021, 7:14:02.6 pm:ERROR:ad_rewards.cc(280)] Payment balance is not ready
[24 Jul 2021, 7:25:36.1 pm:ERROR:ad_rewards.cc(280)] Payment balance is not ready
[24 Jul 2021, 7:29:21.5 pm:ERROR:ad_rewards.cc(280)] Payment balance is not ready
[24 Jul 2021, 7:39:03.9 pm:ERROR:ad_rewards.cc(280)] Payment balance is not ready
[24 Jul 2021, 7:45:26.3 pm:ERROR:ad_rewards.cc(280)] Payment balance is not ready
--------------------------------------------------------------------------------
[24 Jul 2021, 8:25:42.9 pm:ERROR:ad_rewards.cc(280)] Payment balance is not ready
[24 Jul 2021, 8:29:20.3 pm:ERROR:ad_rewards.cc(280)] Payment balance is not ready
[24 Jul 2021, 8:31:11.7 pm:ERROR:ad_rewards.cc(280)] Payment balance is not ready
[24 Jul 2021, 8:35:15.1 pm:ERROR:ad_rewards.cc(280)] Payment balance is not ready
[24 Jul 2021, 8:36:21.5 pm:ERROR:ad_rewards.cc(280)] Payment balance is not ready
[24 Jul 2021, 8:40:12.9 pm:ERROR:ad_rewards.cc(280)] Payment balance is not ready
[24 Jul 2021, 8:53:00.4 pm:ERROR:ad_rewards.cc(280)] Payment balance is not ready
[24 Jul 2021, 9:21:03.0 pm:ERROR:ad_rewards.cc(280)] Payment balance is not ready
[24 Jul 2021, 10:07:43.5 pm:ERROR:ad_rewards.cc(280)] Payment balance is not ready
[24 Jul 2021, 11:25:22.0 pm:ERROR:ad_rewards.cc(280)] Payment balance is not ready
--------------------------------------------------------------------------------
[25 Jul 2021, 9:31:47.2 am:ERROR:ad_rewards.cc(280)] Payment balance is not ready
[25 Jul 2021, 9:32:14.5 am:ERROR:ad_rewards.cc(280)] Payment balance is not ready
[25 Jul 2021, 9:32:34.9 am:ERROR:ad_rewards.cc(280)] Payment balance is not ready
[25 Jul 2021, 9:36:09.3 am:ERROR:ad_rewards.cc(280)] Payment balance is not ready
[25 Jul 2021, 9:36:30.6 am:ERROR:ad_rewards.cc(280)] Payment balance is not ready
[25 Jul 2021, 9:38:56.9 am:ERROR:publisher.cc(763)] Publisher info not found
[25 Jul 2021, 9:45:33.0 am:ERROR:ad_rewards.cc(280)] Payment balance is not ready
[25 Jul 2021, 9:47:02.3 am:ERROR:ad_rewards.cc(280)] Payment balance is not ready
[25 Jul 2021, 9:50:05.7 am:ERROR:publisher.cc(763)] Publisher info not found
[25 Jul 2021, 9:50:59.9 am:ERROR:publisher.cc(763)] Publisher info not found
[25 Jul 2021, 12:32:48.8 pm:ERROR:ad_rewards.cc(280)] Payment balance is not ready
[25 Jul 2021, 1:09:31.4 pm:ERROR:ad_rewards.cc(280)] Payment balance is not ready
[25 Jul 2021, 1:10:47.8 pm:ERROR:ad_rewards.cc(280)] Payment balance is not ready
[25 Jul 2021, 2:38:38.8 pm:ERROR:publisher.cc(763)] Publisher info not found
[25 Jul 2021, 2:41:26.4 pm:ERROR:publisher.cc(763)] Publisher info not found
[25 Jul 2021, 2:42:02.1 pm:ERROR:publisher.cc(763)] Publisher info not found
[25 Jul 2021, 2:42:23.6 pm:ERROR:publisher.cc(763)] Publisher info not found
[25 Jul 2021, 2:43:01.1 pm:ERROR:publisher.cc(763)] Publisher info not found
[25 Jul 2021, 2:44:10.5 pm:ERROR:publisher.cc(763)] Publisher info not found
[25 Jul 2021, 5:56:01.3 pm:ERROR:publisher.cc(763)] Publisher info not found
--------------------------------------------------------------------------------
[25 Jul 2021, 8:49:05.4 pm:ERROR:ad_rewards.cc(280)] Payment balance is not ready
[25 Jul 2021, 8:49:49.8 pm:ERROR:ad_rewards.cc(280)] Payment balance is not ready
[25 Jul 2021, 8:50:55.5 pm:ERROR:publisher.cc(763)] Publisher info not found
[25 Jul 2021, 8:50:55.5 pm:ERROR:publisher.cc(763)] Publisher info not found
[25 Jul 2021, 8:52:14.2 pm:ERROR:ad_rewards.cc(280)] Payment balance is not ready
[25 Jul 2021, 8:53:29.4 pm:ERROR:publisher.cc(763)] Publisher info not found
[25 Jul 2021, 8:53:29.4 pm:ERROR:publisher.cc(763)] Publisher info not found
[25 Jul 2021, 8:57:31.6 pm:ERROR:ad_rewards.cc(280)] Payment balance is not ready
[25 Jul 2021, 8:59:02.7 pm:ERROR:publisher.cc(763)] Publisher info not found
[25 Jul 2021, 8:59:02.7 pm:ERROR:publisher.cc(763)] Publisher info not found
[25 Jul 2021, 9:00:14.0 pm:ERROR:publisher.cc(763)] Publisher info not found
[25 Jul 2021, 9:02:38.6 pm:ERROR:publisher.cc(763)] Publisher info not found
[25 Jul 2021, 9:02:38.6 pm:ERROR:publisher.cc(763)] Publisher info not found
[25 Jul 2021, 9:03:46.0 pm:ERROR:publisher.cc(763)] Publisher info not found
[25 Jul 2021, 9:03:46.0 pm:ERROR:publisher.cc(763)] Publisher info not found
[25 Jul 2021, 9:08:34.1 pm:ERROR:ad_rewards.cc(280)] Payment balance is not ready
[25 Jul 2021, 9:13:15.6 pm:ERROR:ad_rewards.cc(280)] Payment balance is not ready
