1640206476.691748 client started (119499): version 3.2a, socket /tmp/tmux-1000/default, protocol 8
1640206476.691781 on Linux 5.15.10-zen1-1-zen #1 ZEN SMP PREEMPT Fri, 17 Dec 2021 11:17:39 +0000
1640206476.691788 using libevent 2.1.12-stable (poll); ncurses 6.2
1640206476.691806 flags are 0x10010000
1640206476.691811 socket is /tmp/tmux-1000/default
1640206476.691825 trying connect
1640206476.691898 add peer 0x5637200b6e40: 6 ((nil))
1640206476.692205 sending message 100 to peer 0x5637200b6e40 (4 bytes)
1640206476.692216 sending message 111 to peer 0x5637200b6e40 (8 bytes)
1640206476.692221 sending message 101 to peer 0x5637200b6e40 (22 bytes)
1640206476.692225 sending message 109 to peer 0x5637200b6e40 (4 bytes)
1640206476.692230 sending message 102 to peer 0x5637200b6e40 (11 bytes)
1640206476.692235 sending message 108 to peer 0x5637200b6e40 (31 bytes)
1640206476.692240 sending message 112 to peer 0x5637200b6e40 (58 bytes)
1640206476.692245 sending message 112 to peer 0x5637200b6e40 (5 bytes)
1640206476.692250 sending message 112 to peer 0x5637200b6e40 (6 bytes)
1640206476.692255 sending message 112 to peer 0x5637200b6e40 (6 bytes)
1640206476.692259 sending message 112 to peer 0x5637200b6e40 (11 bytes)
1640206476.692264 sending message 112 to peer 0x5637200b6e40 (10 bytes)
1640206476.692268 sending message 112 to peer 0x5637200b6e40 (13 bytes)
1640206476.692273 sending message 112 to peer 0x5637200b6e40 (14 bytes)
1640206476.692278 sending message 112 to peer 0x5637200b6e40 (19 bytes)
1640206476.692282 sending message 112 to peer 0x5637200b6e40 (11 bytes)
1640206476.692287 sending message 112 to peer 0x5637200b6e40 (21 bytes)
1640206476.692292 sending message 112 to peer 0x5637200b6e40 (13 bytes)
1640206476.692296 sending message 112 to peer 0x5637200b6e40 (7 bytes)
1640206476.692301 sending message 112 to peer 0x5637200b6e40 (13 bytes)
1640206476.692305 sending message 112 to peer 0x5637200b6e40 (7 bytes)
1640206476.692310 sending message 112 to peer 0x5637200b6e40 (13 bytes)
1640206476.692314 sending message 112 to peer 0x5637200b6e40 (9 bytes)
1640206476.692319 sending message 112 to peer 0x5637200b6e40 (21 bytes)
1640206476.692324 sending message 112 to peer 0x5637200b6e40 (13 bytes)
1640206476.692328 sending message 112 to peer 0x5637200b6e40 (9 bytes)
1640206476.692333 sending message 112 to peer 0x5637200b6e40 (16 bytes)
1640206476.692338 sending message 112 to peer 0x5637200b6e40 (13 bytes)
1640206476.692343 sending message 112 to peer 0x5637200b6e40 (9 bytes)
1640206476.692347 sending message 112 to peer 0x5637200b6e40 (9 bytes)
1640206476.692352 sending message 112 to peer 0x5637200b6e40 (12 bytes)
1640206476.692356 sending message 112 to peer 0x5637200b6e40 (8 bytes)
1640206476.692361 sending message 112 to peer 0x5637200b6e40 (13 bytes)
1640206476.692366 sending message 112 to peer 0x5637200b6e40 (7 bytes)
1640206476.692370 sending message 112 to peer 0x5637200b6e40 (7 bytes)
1640206476.692375 sending message 112 to peer 0x5637200b6e40 (9 bytes)
1640206476.692379 sending message 112 to peer 0x5637200b6e40 (9 bytes)
1640206476.692383 sending message 112 to peer 0x5637200b6e40 (15 bytes)
1640206476.692388 sending message 112 to peer 0x5637200b6e40 (13 bytes)
1640206476.692392 sending message 112 to peer 0x5637200b6e40 (12 bytes)
1640206476.692397 sending message 112 to peer 0x5637200b6e40 (8 bytes)
1640206476.692402 sending message 112 to peer 0x5637200b6e40 (14 bytes)
1640206476.692406 sending message 112 to peer 0x5637200b6e40 (11 bytes)
1640206476.692411 sending message 112 to peer 0x5637200b6e40 (9 bytes)
1640206476.692415 sending message 112 to peer 0x5637200b6e40 (10 bytes)
1640206476.692419 sending message 112 to peer 0x5637200b6e40 (10 bytes)
1640206476.692424 sending message 112 to peer 0x5637200b6e40 (10 bytes)
1640206476.692428 sending message 112 to peer 0x5637200b6e40 (10 bytes)
1640206476.692433 sending message 112 to peer 0x5637200b6e40 (11 bytes)
1640206476.692437 sending message 112 to peer 0x5637200b6e40 (11 bytes)
1640206476.692451 sending message 112 to peer 0x5637200b6e40 (9 bytes)
1640206476.692456 sending message 112 to peer 0x5637200b6e40 (12 bytes)
1640206476.692470 sending message 112 to peer 0x5637200b6e40 (8 bytes)
1640206476.692474 sending message 112 to peer 0x5637200b6e40 (11 bytes)
1640206476.692479 sending message 112 to peer 0x5637200b6e40 (11 bytes)
1640206476.692484 sending message 112 to peer 0x5637200b6e40 (11 bytes)
1640206476.692489 sending message 112 to peer 0x5637200b6e40 (12 bytes)
1640206476.692494 sending message 112 to peer 0x5637200b6e40 (12 bytes)
1640206476.692498 sending message 112 to peer 0x5637200b6e40 (12 bytes)
1640206476.692502 sending message 112 to peer 0x5637200b6e40 (12 bytes)
1640206476.692507 sending message 112 to peer 0x5637200b6e40 (13 bytes)
1640206476.692511 sending message 112 to peer 0x5637200b6e40 (13 bytes)
1640206476.692516 sending message 112 to peer 0x5637200b6e40 (13 bytes)
1640206476.692520 sending message 112 to peer 0x5637200b6e40 (8 bytes)
1640206476.692525 sending message 112 to peer 0x5637200b6e40 (13 bytes)
1640206476.692529 sending message 112 to peer 0x5637200b6e40 (13 bytes)
1640206476.692534 sending message 112 to peer 0x5637200b6e40 (13 bytes)
1640206476.692538 sending message 112 to peer 0x5637200b6e40 (13 bytes)
1640206476.692543 sending message 112 to peer 0x5637200b6e40 (13 bytes)
1640206476.692547 sending message 112 to peer 0x5637200b6e40 (12 bytes)
1640206476.692551 sending message 112 to peer 0x5637200b6e40 (12 bytes)
1640206476.692556 sending message 112 to peer 0x5637200b6e40 (12 bytes)
1640206476.692560 sending message 112 to peer 0x5637200b6e40 (12 bytes)
1640206476.692565 sending message 112 to peer 0x5637200b6e40 (13 bytes)
1640206476.692569 sending message 112 to peer 0x5637200b6e40 (8 bytes)
1640206476.692574 sending message 112 to peer 0x5637200b6e40 (13 bytes)
1640206476.692578 sending message 112 to peer 0x5637200b6e40 (13 bytes)
1640206476.692583 sending message 112 to peer 0x5637200b6e40 (13 bytes)
1640206476.692587 sending message 112 to peer 0x5637200b6e40 (13 bytes)
1640206476.692591 sending message 112 to peer 0x5637200b6e40 (13 bytes)
1640206476.692596 sending message 112 to peer 0x5637200b6e40 (13 bytes)
1640206476.692600 sending message 112 to peer 0x5637200b6e40 (13 bytes)
1640206476.692605 sending message 112 to peer 0x5637200b6e40 (12 bytes)
1640206476.692609 sending message 112 to peer 0x5637200b6e40 (12 bytes)
1640206476.692614 sending message 112 to peer 0x5637200b6e40 (12 bytes)
1640206476.692618 sending message 112 to peer 0x5637200b6e40 (8 bytes)
1640206476.692623 sending message 112 to peer 0x5637200b6e40 (12 bytes)
1640206476.692628 sending message 112 to peer 0x5637200b6e40 (13 bytes)
1640206476.692632 sending message 112 to peer 0x5637200b6e40 (13 bytes)
1640206476.692637 sending message 112 to peer 0x5637200b6e40 (13 bytes)
1640206476.692641 sending message 112 to peer 0x5637200b6e40 (13 bytes)
1640206476.692646 sending message 112 to peer 0x5637200b6e40 (13 bytes)
1640206476.692650 sending message 112 to peer 0x5637200b6e40 (13 bytes)
1640206476.692662 sending message 112 to peer 0x5637200b6e40 (13 bytes)
1640206476.692666 sending message 112 to peer 0x5637200b6e40 (13 bytes)
1640206476.692675 sending message 112 to peer 0x5637200b6e40 (12 bytes)
1640206476.692680 sending message 112 to peer 0x5637200b6e40 (10 bytes)
1640206476.692684 sending message 112 to peer 0x5637200b6e40 (12 bytes)
1640206476.692689 sending message 112 to peer 0x5637200b6e40 (12 bytes)
1640206476.692694 sending message 112 to peer 0x5637200b6e40 (12 bytes)
1640206476.692699 sending message 112 to peer 0x5637200b6e40 (13 bytes)
1640206476.692703 sending message 112 to peer 0x5637200b6e40 (13 bytes)
1640206476.692708 sending message 112 to peer 0x5637200b6e40 (13 bytes)
1640206476.692712 sending message 112 to peer 0x5637200b6e40 (13 bytes)
1640206476.692717 sending message 112 to peer 0x5637200b6e40 (13 bytes)
1640206476.692722 sending message 112 to peer 0x5637200b6e40 (13 bytes)
1640206476.692726 sending message 112 to peer 0x5637200b6e40 (13 bytes)
1640206476.692731 sending message 112 to peer 0x5637200b6e40 (10 bytes)
1640206476.692735 sending message 112 to peer 0x5637200b6e40 (13 bytes)
1640206476.692744 sending message 112 to peer 0x5637200b6e40 (12 bytes)
1640206476.692749 sending message 112 to peer 0x5637200b6e40 (12 bytes)
1640206476.692754 sending message 112 to peer 0x5637200b6e40 (12 bytes)
1640206476.692758 sending message 112 to peer 0x5637200b6e40 (10 bytes)
1640206476.692763 sending message 112 to peer 0x5637200b6e40 (10 bytes)
1640206476.692768 sending message 112 to peer 0x5637200b6e40 (10 bytes)
1640206476.692772 sending message 112 to peer 0x5637200b6e40 (12 bytes)
1640206476.692776 sending message 112 to peer 0x5637200b6e40 (10 bytes)
1640206476.692780 sending message 112 to peer 0x5637200b6e40 (11 bytes)
1640206476.692785 sending message 112 to peer 0x5637200b6e40 (11 bytes)
1640206476.692789 sending message 112 to peer 0x5637200b6e40 (12 bytes)
1640206476.692794 sending message 112 to peer 0x5637200b6e40 (12 bytes)
1640206476.692799 sending message 112 to peer 0x5637200b6e40 (10 bytes)
1640206476.692803 sending message 112 to peer 0x5637200b6e40 (9 bytes)
1640206476.692807 sending message 112 to peer 0x5637200b6e40 (12 bytes)
1640206476.692812 sending message 112 to peer 0x5637200b6e40 (9 bytes)
1640206476.692816 sending message 112 to peer 0x5637200b6e40 (12 bytes)
1640206476.692821 sending message 112 to peer 0x5637200b6e40 (11 bytes)
1640206476.692825 sending message 112 to peer 0x5637200b6e40 (12 bytes)
1640206476.692830 sending message 112 to peer 0x5637200b6e40 (12 bytes)
1640206476.692834 sending message 112 to peer 0x5637200b6e40 (9 bytes)
1640206476.692839 sending message 112 to peer 0x5637200b6e40 (6 bytes)
1640206476.692843 sending message 112 to peer 0x5637200b6e40 (13 bytes)
1640206476.692848 sending message 112 to peer 0x5637200b6e40 (10 bytes)
1640206476.692852 sending message 112 to peer 0x5637200b6e40 (24 bytes)
1640206476.692857 sending message 112 to peer 0x5637200b6e40 (13 bytes)
1640206476.692861 sending message 112 to peer 0x5637200b6e40 (70 bytes)
1640206476.692866 sending message 112 to peer 0x5637200b6e40 (69 bytes)
1640206476.692871 sending message 112 to peer 0x5637200b6e40 (12 bytes)
1640206476.692876 sending message 112 to peer 0x5637200b6e40 (10 bytes)
1640206476.692880 sending message 112 to peer 0x5637200b6e40 (10 bytes)
1640206476.692884 sending message 112 to peer 0x5637200b6e40 (24 bytes)
1640206476.692889 sending message 112 to peer 0x5637200b6e40 (13 bytes)
1640206476.692893 sending message 112 to peer 0x5637200b6e40 (10 bytes)
1640206476.692898 sending message 112 to peer 0x5637200b6e40 (10 bytes)
1640206476.692902 sending message 112 to peer 0x5637200b6e40 (15 bytes)
1640206476.692908 sending message 104 to peer 0x5637200b6e40 (0 bytes)
1640206476.692913 sending message 110 to peer 0x5637200b6e40 (0 bytes)
1640206476.692918 sending message 107 to peer 0x5637200b6e40 (4 bytes)
1640206476.692941 sending message 105 to peer 0x5637200b6e40 (20 bytes)
1640206476.692950 sending message 105 to peer 0x5637200b6e40 (54 bytes)
1640206476.692954 sending message 105 to peer 0x5637200b6e40 (19 bytes)
1640206476.692959 sending message 105 to peer 0x5637200b6e40 (11 bytes)
1640206476.692964 sending message 105 to peer 0x5637200b6e40 (77 bytes)
1640206476.692968 sending message 105 to peer 0x5637200b6e40 (30 bytes)
1640206476.692973 sending message 105 to peer 0x5637200b6e40 (12 bytes)
1640206476.692977 sending message 105 to peer 0x5637200b6e40 (30 bytes)
1640206476.692982 sending message 105 to peer 0x5637200b6e40 (32 bytes)
1640206476.692987 sending message 105 to peer 0x5637200b6e40 (22 bytes)
1640206476.692992 sending message 105 to peer 0x5637200b6e40 (40 bytes)
1640206476.692996 sending message 105 to peer 0x5637200b6e40 (15 bytes)
1640206476.693000 sending message 105 to peer 0x5637200b6e40 (18 bytes)
1640206476.693005 sending message 105 to peer 0x5637200b6e40 (17 bytes)
1640206476.693009 sending message 105 to peer 0x5637200b6e40 (23 bytes)
1640206476.693014 sending message 105 to peer 0x5637200b6e40 (30 bytes)
1640206476.693018 sending message 105 to peer 0x5637200b6e40 (27 bytes)
1640206476.693023 sending message 105 to peer 0x5637200b6e40 (24 bytes)
1640206476.693031 sending message 105 to peer 0x5637200b6e40 (20 bytes)
1640206476.693036 sending message 105 to peer 0x5637200b6e40 (23 bytes)
1640206476.693040 sending message 105 to peer 0x5637200b6e40 (21 bytes)
1640206476.693045 sending message 105 to peer 0x5637200b6e40 (25 bytes)
1640206476.693049 sending message 105 to peer 0x5637200b6e40 (20 bytes)
1640206476.693054 sending message 105 to peer 0x5637200b6e40 (19 bytes)
1640206476.693058 sending message 105 to peer 0x5637200b6e40 (32 bytes)
1640206476.693063 sending message 105 to peer 0x5637200b6e40 (15 bytes)
1640206476.693067 sending message 105 to peer 0x5637200b6e40 (38 bytes)
1640206476.693072 sending message 105 to peer 0x5637200b6e40 (50 bytes)
1640206476.693077 sending message 105 to peer 0x5637200b6e40 (396 bytes)
1640206476.693082 sending message 105 to peer 0x5637200b6e40 (35 bytes)
1640206476.693086 sending message 105 to peer 0x5637200b6e40 (27 bytes)
1640206476.693091 sending message 105 to peer 0x5637200b6e40 (19 bytes)
1640206476.693096 sending message 105 to peer 0x5637200b6e40 (8 bytes)
1640206476.693101 sending message 105 to peer 0x5637200b6e40 (58 bytes)
1640206476.693105 sending message 105 to peer 0x5637200b6e40 (37 bytes)
1640206476.693110 sending message 105 to peer 0x5637200b6e40 (27 bytes)
1640206476.693115 sending message 105 to peer 0x5637200b6e40 (33 bytes)
1640206476.693119 sending message 105 to peer 0x5637200b6e40 (18 bytes)
1640206476.693123 sending message 105 to peer 0x5637200b6e40 (26 bytes)
1640206476.693128 sending message 105 to peer 0x5637200b6e40 (35 bytes)
1640206476.693133 sending message 105 to peer 0x5637200b6e40 (24 bytes)
1640206476.693137 sending message 105 to peer 0x5637200b6e40 (15 bytes)
1640206476.693142 sending message 105 to peer 0x5637200b6e40 (57 bytes)
1640206476.693146 sending message 105 to peer 0x5637200b6e40 (16 bytes)
1640206476.693151 sending message 105 to peer 0x5637200b6e40 (18 bytes)
1640206476.693155 sending message 105 to peer 0x5637200b6e40 (40 bytes)
1640206476.693160 sending message 105 to peer 0x5637200b6e40 (23 bytes)
1640206476.693164 sending message 105 to peer 0x5637200b6e40 (148 bytes)
1640206476.693170 sending message 105 to peer 0x5637200b6e40 (31 bytes)
1640206476.693174 sending message 105 to peer 0x5637200b6e40 (15 bytes)
1640206476.693179 sending message 105 to peer 0x5637200b6e40 (52 bytes)
1640206476.693184 sending message 105 to peer 0x5637200b6e40 (23 bytes)
1640206476.693188 sending message 105 to peer 0x5637200b6e40 (23 bytes)
1640206476.693193 sending message 105 to peer 0x5637200b6e40 (17 bytes)
1640206476.693197 sending message 105 to peer 0x5637200b6e40 (58 bytes)
1640206476.693202 sending message 105 to peer 0x5637200b6e40 (21 bytes)
1640206476.693207 sending message 105 to peer 0x5637200b6e40 (11 bytes)
1640206476.693212 sending message 105 to peer 0x5637200b6e40 (16 bytes)
1640206476.693216 sending message 105 to peer 0x5637200b6e40 (32 bytes)
1640206476.693221 sending message 105 to peer 0x5637200b6e40 (11 bytes)
1640206476.693226 sending message 105 to peer 0x5637200b6e40 (8 bytes)
1640206476.693230 sending message 105 to peer 0x5637200b6e40 (32 bytes)
1640206476.693235 sending message 105 to peer 0x5637200b6e40 (1519 bytes)
1640206476.693245 sending message 105 to peer 0x5637200b6e40 (25 bytes)
1640206476.693250 sending message 105 to peer 0x5637200b6e40 (74 bytes)
1640206476.693255 sending message 105 to peer 0x5637200b6e40 (104 bytes)
1640206476.693260 sending message 105 to peer 0x5637200b6e40 (36 bytes)
1640206476.693265 sending message 105 to peer 0x5637200b6e40 (40 bytes)
1640206476.693269 sending message 105 to peer 0x5637200b6e40 (84 bytes)
1640206476.693274 sending message 105 to peer 0x5637200b6e40 (38 bytes)
1640206476.693278 sending message 105 to peer 0x5637200b6e40 (206 bytes)
1640206476.693283 sending message 105 to peer 0x5637200b6e40 (36 bytes)
1640206476.693288 sending message 105 to peer 0x5637200b6e40 (50 bytes)
1640206476.693292 sending message 105 to peer 0x5637200b6e40 (27 bytes)
1640206476.693301 sending message 105 to peer 0x5637200b6e40 (40 bytes)
1640206476.693305 sending message 105 to peer 0x5637200b6e40 (34 bytes)
1640206476.693310 sending message 105 to peer 0x5637200b6e40 (27 bytes)
1640206476.693314 sending message 105 to peer 0x5637200b6e40 (13 bytes)
1640206476.693319 sending message 106 to peer 0x5637200b6e40 (0 bytes)
1640206476.693330 sending message 200 to peer 0x5637200b6e40 (4 bytes)
1640206476.693335 client loop enter
1640206476.696855 peer 0x5637200b6e40 message 303
1640206476.696872 open write file 2 -
1640206476.696892 sending message 305 to peer 0x5637200b6e40 (8 bytes)
1640206476.696918 write check file 2
1640206476.697150 peer 0x5637200b6e40 message 304
1640206476.697156 write 58 to file 2
1640206476.697162 peer 0x5637200b6e40 message 203
1640206476.697167 file 2 58 bytes left
1640206476.697185 write check file 2
1640206476.697192 client loop exit
